INFO: [v++ 60-1306] Additional information associated with this v++ compile can be found at:
	Reports: /home/centos/workspace/project_kernels/Emulation-SW/build/reports/mean_shift_accel
	Log files: /home/centos/workspace/project_kernels/Emulation-SW/build/logs/mean_shift_accel
INFO: [v++ 60-1548] Creating build summary session with primary output /home/centos/workspace/project_kernels/Emulation-SW/build/mean_shift_accel.xo.compile_summary, at Thu Jan 27 16:09:29 2022
INFO: [v++ 60-1316] Initiating connection to rulecheck server, at Thu Jan 27 16:09:29 2022
INFO: [v++ 60-895]   Target platform: /home/centos/aws-fpga/Vitis/aws_platform/xilinx_aws-vu9p-f1_shell-v04261818_201920_2/xilinx_aws-vu9p-f1_shell-v04261818_201920_2.xpfm
INFO: [v++ 60-1578]   This platform contains Xilinx Shell Archive '/home/centos/aws-fpga/Vitis/aws_platform/xilinx_aws-vu9p-f1_shell-v04261818_201920_2/hw/xilinx_aws-vu9p-f1_shell-v04261818_201920_2.xsa'
INFO: [v++ 74-78] Compiler Version string: 2021.1
INFO: [v++ 60-1302] Platform 'xilinx_aws-vu9p-f1_shell-v04261818_201920_2.xpfm' has been explicitly enabled for this release.
INFO: [v++ 60-585] Compiling for software emulation target
INFO: [v++ 60-423]   Target device: xilinx_aws-vu9p-f1_shell-v04261818_201920_2
INFO: [v++ 60-242] Creating kernel: 'mean_shift_accel'

===>The following messages were generated while  performing high-level synthesis for kernel: mean_shift_accel Log file: /home/centos/workspace/project_kernels/Emulation-SW/build/mean_shift_accel/mean_shift_accel/vitis_hls.log :
ERROR: [v++ 207-3771] use of undeclared identifier 'XF_MAX_OBJECTS': /home/centos/workspace/project_kernels/src/xf_mean_shift_config.h:51:14
ERROR: [v++ 207-3771] use of undeclared identifier 'XF_MAX_OBJECTS': /home/centos/workspace/project_kernels/src/xf_mean_shift_config.h:52:14
ERROR: [v++ 207-3771] use of undeclared identifier 'XF_MAX_OBJECTS': /home/centos/workspace/project_kernels/src/xf_mean_shift_config.h:53:21
ERROR: [v++ 207-3771] use of undeclared identifier 'XF_MAX_OBJECTS': /home/centos/workspace/project_kernels/src/xf_mean_shift_config.h:54:22
ERROR: [v++ 207-3771] use of undeclared identifier 'XF_MAX_OBJECTS': /home/centos/workspace/project_kernels/src/xf_mean_shift_accel.cpp:59:23
ERROR: [v++ 207-7] expected ')': /home/centos/workspace/project_kernels/src/xf_mean_shift_accel.cpp:60:39
ERROR: [v++ 207-2911] C++ requires a type specifier for all declarations: /home/centos/workspace/project_kernels/src/xf_mean_shift_accel.cpp:60:33
ERROR: [v++ 60-300] Failed to build kernel(ip) mean_shift_accel, see log for details: /home/centos/workspace/project_kernels/Emulation-SW/build/mean_shift_accel/mean_shift_accel/vitis_hls.log
ERROR: [v++ 60-773] In '/home/centos/workspace/project_kernels/Emulation-SW/build/mean_shift_accel/mean_shift_accel/vitis_hls.log', caught Tcl error: ERROR: [HLS 207-3771] use of undeclared identifier 'XF_MAX_OBJECTS': /home/centos/workspace/project_kernels/src/xf_mean_shift_config.h:51:14
ERROR: [v++ 60-773] In '/home/centos/workspace/project_kernels/Emulation-SW/build/mean_shift_accel/mean_shift_accel/vitis_hls.log', caught Tcl error: ERROR: [HLS 207-3771] use of undeclared identifier 'XF_MAX_OBJECTS': /home/centos/workspace/project_kernels/src/xf_mean_shift_config.h:52:14
ERROR: [v++ 60-773] In '/home/centos/workspace/project_kernels/Emulation-SW/build/mean_shift_accel/mean_shift_accel/vitis_hls.log', caught Tcl error: ERROR: [HLS 207-3771] use of undeclared identifier 'XF_MAX_OBJECTS': /home/centos/workspace/project_kernels/src/xf_mean_shift_config.h:53:21
ERROR: [v++ 60-773] In '/home/centos/workspace/project_kernels/Emulation-SW/build/mean_shift_accel/mean_shift_accel/vitis_hls.log', caught Tcl error: ERROR: [HLS 207-3771] use of undeclared identifier 'XF_MAX_OBJECTS': /home/centos/workspace/project_kernels/src/xf_mean_shift_config.h:54:22
ERROR: [v++ 60-773] In '/home/centos/workspace/project_kernels/Emulation-SW/build/mean_shift_accel/mean_shift_accel/vitis_hls.log', caught Tcl error: ERROR: [HLS 207-3771] use of undeclared identifier 'XF_MAX_OBJECTS': /home/centos/workspace/project_kernels/src/xf_mean_shift_accel.cpp:59:23
ERROR: [v++ 60-773] In '/home/centos/workspace/project_kernels/Emulation-SW/build/mean_shift_accel/mean_shift_accel/vitis_hls.log', caught Tcl error: ERROR: [HLS 207-7] expected ')': /home/centos/workspace/project_kernels/src/xf_mean_shift_accel.cpp:60:39
ERROR: [v++ 60-773] In '/home/centos/workspace/project_kernels/Emulation-SW/build/mean_shift_accel/mean_shift_accel/vitis_hls.log', caught Tcl error: ERROR: [HLS 207-2911] C++ requires a type specifier for all declarations: /home/centos/workspace/project_kernels/src/xf_mean_shift_accel.cpp:60:33
ERROR: [v++ 60-599] Kernel compilation failed to complete
ERROR: [v++ 60-592] Failed to finish compilation
INFO: [v++ 60-1653] Closing dispatch client.
