INFO-FLOW: Workspace /home/centos/workspace/project_kernels/Emulation-SW/build/mean_shift_accel/mean_shift_accel/mean_shift_accel/solution opened at Fri Jan 28 14:38:17 UTC 2022
Execute       send_msg_by_id INFO @200-1505@%s%s  vitis 
INFO: [HLS 200-1505] Using flow_target 'vitis'
Execute       get_config_interface -m_axi_latency 
Execute       send_msg_by_id INFO @200-435@%s%s 'open_solution -flow_target vitis' config_interface -m_axi_latency=64 
INFO: [HLS 200-435] Setting 'open_solution -flow_target vitis' configuration: config_interface -m_axi_latency=64
Execute       config_interface -m_axi_latency=64 
Execute       get_config_interface -m_axi_alignment_byte_size 
Execute       send_msg_by_id INFO @200-435@%s%s 'open_solution -flow_target vitis' config_interface -m_axi_alignment_byte_size=64 
INFO: [HLS 200-435] Setting 'open_solution -flow_target vitis' configuration: config_interface -m_axi_alignment_byte_size=64
Execute       config_interface -m_axi_alignment_byte_size=64 
Execute       get_config_interface -m_axi_max_widen_bitwidth 
Execute       send_msg_by_id INFO @200-435@%s%s 'open_solution -flow_target vitis' config_interface -m_axi_max_widen_bitwidth=512 
INFO: [HLS 200-435] Setting 'open_solution -flow_target vitis' configuration: config_interface -m_axi_max_widen_bitwidth=512
Execute       config_interface -m_axi_max_widen_bitwidth=512 
Execute       get_config_interface -default_interface 
INFO-FLOW: Setting macro_cmd open_solution -flow_target vitis configuration: config_interface -default_interface=kernel
Execute       config_interface -default_interface=kernel 
Execute       get_config_rtl -register_reset_num 
Execute       send_msg_by_id INFO @200-435@%s%s 'open_solution -flow_target vitis' config_rtl -register_reset_num=3 
INFO: [HLS 200-435] Setting 'open_solution -flow_target vitis' configuration: config_rtl -register_reset_num=3
Execute       config_rtl -register_reset_num=3 
Execute     set_part xcvu9p-flgb2104-2-i 
INFO: [HLS 200-1510] Running: set_part xcvu9p-flgb2104-2-i 
Execute       create_platform xcvu9p-flgb2104-2-i -board  
DBG:HLSDevice: Trying to load device library: /opt/Xilinx/Vitis_HLS/2021.1/lib/lnx64.o/librdi_hlsvwrap.so
DBG:HLSDevice: first parts/arch.xml in RDI_DATADIR: /opt/Xilinx/Vivado/2021.1/data/parts/arch.xml
DBG:HLSDevice: init success
Execute         source /opt/Xilinx/Vitis_HLS/2021.1/common/technology/xilinx/DSP48/dsp48.hlp 
Execute         source /opt/Xilinx/Vitis_HLS/2021.1/common/technology/xilinx/DSP48/virtexuplus_dsp48e2.hlp 
INFO: [HLS 200-1611] Setting target device to 'xcvu9p-flgb2104-2-i'
Command       create_platform done; 0.69 sec.
Execute       source /opt/Xilinx/Vitis_HLS/2021.1/common/technology/xilinx/common/xilinx.gen 
Execute         source /opt/Xilinx/Vitis_HLS/2021.1/common/technology/xilinx/interface/plb46.gen 
Execute         source /opt/Xilinx/Vitis_HLS/2021.1/common/technology/xilinx/interface/axi4.gen 
Execute         source /opt/Xilinx/Vitis_HLS/2021.1/common/technology/xilinx/interface/nativeAXI4.gen 
Execute           source /opt/Xilinx/Vitis_HLS/2021.1/common/technology/xilinx/interface/saxilite.gen 
Execute           source /opt/Xilinx/Vitis_HLS/2021.1/common/technology/xilinx/interface/maxi.gen 
Execute         source /opt/Xilinx/Vitis_HLS/2021.1/common/technology/xilinx/scripts/xilinxcoregen.gen 
Execute         source /opt/Xilinx/Vitis_HLS/2021.1/common/technology/xilinx/interface/XilEDKCoreGen.gen 
Execute         source /opt/Xilinx/Vitis_HLS/2021.1/common/technology/xilinx/ip/dds_compiler.gen 
Execute         source /opt/Xilinx/Vitis_HLS/2021.1/common/technology/xilinx/ip/util.gen 
Execute         source /opt/Xilinx/Vitis_HLS/2021.1/common/technology/xilinx/ip/xfft.gen 
Execute         source /opt/Xilinx/Vitis_HLS/2021.1/common/technology/xilinx/ip/xfir.gen 
Execute         source /opt/Xilinx/Vitis_HLS/2021.1/common/technology/xilinx/DSP48/dsp48.gen 
Command       ap_source done; 0.14 sec.
Execute       ap_part_info -name xcvu9p-flgb2104-2-i -data info 
Execute       config_compile -quiet -complex-mul-dsp=0 
Command     set_part done; 0.83 sec.
Execute     create_clock -period 250.000000MHz -name default 
INFO: [HLS 200-1510] Running: create_clock -period 250.000000MHz -name default 
Execute       ap_set_clock -name default -period 4 -unit ns -default=false 
INFO: [SYN 201-201] Setting up clock 'default' with a period of 4ns.
Execute     config_rtl -kernel_profile 
INFO: [HLS 200-1510] Running: config_rtl -kernel_profile 
Execute     config_dataflow -strict_mode warning 
INFO: [HLS 200-1510] Running: config_dataflow -strict_mode warning 
Execute     config_debug -enable 
INFO: [HLS 200-1510] Running: config_debug -enable 
Execute     config_export -disable_deadlock_detection=true 
INFO: [HLS 200-1510] Running: config_export -disable_deadlock_detection=true 
Execute     config_rtl -m_axi_conservative_mode=1 
INFO: [HLS 200-1510] Running: config_rtl -m_axi_conservative_mode=1 
WARNING: [HLS 200-483] The 'config_rtl -m_axi_conservative_mode' command is deprecated and will be removed in a future release. Use 'config_interface -m_axi_conservative_mode' as its replacement.
Execute     config_interface -m_axi_addr64 
INFO: [HLS 200-1510] Running: config_interface -m_axi_addr64 
Execute     config_interface -m_axi_auto_max_ports=0 
INFO: [HLS 200-1510] Running: config_interface -m_axi_auto_max_ports=0 
Execute     config_export -format ip_catalog -ipname mean_shift_accel 
INFO: [HLS 200-1510] Running: config_export -format ip_catalog -ipname mean_shift_accel 
Execute     csynth_design -synthesis_check 
INFO: [HLS 200-1510] Running: csynth_design -synthesis_check 
Execute       get_config_compile -effort 
Execute       get_config_compile -enable_clang39 
Execute       get_config_compile -g 
Execute       get_config_compile -hw_syn 
Execute       get_config_compile -ng 
Execute       get_config_compile -opt_fp 
Execute       get_config_compile -skip_cdt 
Execute       get_config_compile -skip_syncheck 
Execute       get_config_compile -skip_transform 
Execute       get_config_compile -pre_tcl 
Execute       get_config_compile -keep_printf 
Execute       elaborate -effort=medium -skip_syncheck=0 -keep_printf=0 -skip_cdt=0 -skip_transform=2 -ng=0 -g=0 -opt_fp=0 -from_csynth_design=1 
INFO: [HLS 200-111] Finished File checks and directory preparation: CPU user time: 0.01 seconds. CPU system time: 0 seconds. Elapsed time: 0 seconds; current allocated memory: 108.756 MB.
INFO: [HLS 200-10] Analyzing design file '/home/centos/workspace/project_kernels/src/xf_mean_shift_accel.cpp' ... 
INFO-FLOW: Compiling one TU...
Execute         get_config_compile -pragma_strict_mode 
INFO-FLOW: Handling /home/centos/workspace/project_kernels/src/xf_mean_shift_accel.cpp as C++
Execute         ap_part_info -name xcvu9p-flgb2104-2-i -data info 
INFO-FLOW: Running: GCC PP 39
INFO-FLOW: Source preprocessing
Execute         ap_eval exec -ignorestderr /opt/Xilinx/Vitis_HLS/2021.1/lnx64/tools/clang-3.9-csynth/bin/clang /home/centos/workspace/project_kernels/src/xf_mean_shift_accel.cpp -foptimization-record-file=/home/centos/workspace/project_kernels/Emulation-SW/build/mean_shift_accel/mean_shift_accel/mean_shift_accel/solution/.autopilot/db/clang.xf_mean_shift_accel.cpp.diag.yml -mllvm -pass-remarks-missed=reflow|pasta|unroll -mllvm -pass-remarks=reflow|pasta|unroll|inline -fno-limit-debug-info -gcc-toolchain /opt/Xilinx/Vitis_HLS/2021.1/tps/lnx64/gcc-6.2.0 -fhls -fno-exceptions -E -g -D__SDA_MEM_MAP__ -I/home/centos/workspace/project_kernels/src -I/home/centos/workspace/project_kernels/libs/xf_opencv/L1/include -I/home/centos/workspace/project_kernels/src/build -fno-math-errno -c -emit-llvm -mllvm -disable-llvm-optzns -Werror=implicit-function-declaration -Werror=implicit-hls-streams -Werror=return-type -Wpragmas -Wunused-parameter -fno-threadsafe-statics -fno-use-cxa-atexit -std=gnu++14 -target fpga64-xilinx-linux-gnu -fno-threadsafe-statics -fno-use-cxa-atexit -I /opt/Xilinx/Vitis_HLS/2021.1/common/technology/autopilot/39 -D__VITIS_HLS__ -DAESL_SYN -D__SYNTHESIS__ -D__HLS_SYN__ -I /opt/Xilinx/Vitis_HLS/2021.1/common/technology/autopilot -I /opt/Xilinx/Vitis_HLS/2021.1/common/technology/autopilot/ap_sysc -include etc/autopilot_ssdm_op.h -D__DSP48E2__ -I /usr/include/x86_64-linux-gnu -o /home/centos/workspace/project_kernels/Emulation-SW/build/mean_shift_accel/mean_shift_accel/mean_shift_accel/solution/.autopilot/db/xf_mean_shift_accel.pp.0.cpp -hls-platform-db-name=/opt/Xilinx/Vitis_HLS/2021.1/common/technology/xilinx/common/platform.db -hls-platform-name=virtexuplus_medium > /home/centos/workspace/project_kernels/Emulation-SW/build/mean_shift_accel/mean_shift_accel/mean_shift_accel/solution/.autopilot/db/clang.xf_mean_shift_accel.cpp.out.log 2> /home/centos/workspace/project_kernels/Emulation-SW/build/mean_shift_accel/mean_shift_accel/mean_shift_accel/solution/.autopilot/db/clang.xf_mean_shift_accel.cpp.err.log 
Command         ap_eval done; 0.16 sec.
WARNING: [HLS 207-910] 'INPUT_PTR_WIDTH' macro redefined: /home/centos/workspace/project_kernels/src/../../project/src/../../project/src/build/xf_mean_shift_config_params.h:17:9
INFO: [HLS 207-71] previous definition is here: /home/centos/workspace/project_kernels/src/../../project/src/xf_cvt_color_config.h:33:9
INFO-FLOW: Done: GCC PP 39 time: 0.2 seconds per iteration
Execute         set_directive_top mean_shift_accel -name=mean_shift_accel 
Execute         source /opt/Xilinx/Vitis_HLS/2021.1/tps/tcl/tcllib1.11.1/yaml/huddle.tcl 
Execute         source /opt/Xilinx/Vitis_HLS/2021.1/tps/tcl/tcllib1.11.1/yaml/json2huddle.tcl 
Execute           source /opt/Xilinx/Vitis_HLS/2021.1/tps/tcl/tcllib1.11.1/try/try.tcl 
Execute         list_core -type functional_unit 
Execute         ap_eval exec -ignorestderr /opt/Xilinx/Vitis_HLS/2021.1/lnx64/tools/clang-3.9-csynth/bin/clang -foptimization-record-file=/home/centos/workspace/project_kernels/Emulation-SW/build/mean_shift_accel/mean_shift_accel/mean_shift_accel/solution/.autopilot/db/clang.diag.yml -mllvm -pass-remarks-missed=reflow|pasta|unroll -mllvm -pass-remarks=reflow|pasta|unroll|inline -fsyntax-only -fhls -target fpga64-xilinx-linux-gnu /home/centos/workspace/project_kernels/Emulation-SW/build/mean_shift_accel/mean_shift_accel/mean_shift_accel/solution/.autopilot/db/xf_mean_shift_accel.pp.0.cpp -hls-platform-db-name=/opt/Xilinx/Vitis_HLS/2021.1/common/technology/xilinx/common/platform.db -hls-platform-name=virtexuplus_medium > /home/centos/workspace/project_kernels/Emulation-SW/build/mean_shift_accel/mean_shift_accel/mean_shift_accel/solution/.autopilot/db/clang.out.log 2> /home/centos/workspace/project_kernels/Emulation-SW/build/mean_shift_accel/mean_shift_accel/mean_shift_accel/solution/.autopilot/db/clang.err.log 
Command         ap_eval done; 1.48 sec.
WARNING: [HLS 207-5528] Ignore interface attribute or pragma which is not used in top function: /home/centos/workspace/project_kernels/src/xf_mean_shift_accel.cpp:48:9
Execute         clang_tidy xilinx-systemc-detector /home/centos/workspace/project_kernels/Emulation-SW/build/mean_shift_accel/mean_shift_accel/mean_shift_accel/solution/.autopilot/db/xf_mean_shift_accel.pp.0.cpp std=gnu++14 -target fpga  -directive=/home/centos/workspace/project_kernels/Emulation-SW/build/mean_shift_accel/mean_shift_accel/mean_shift_accel/solution/.autopilot/db/.systemc_flag 
INFO-FLOW: exec /opt/Xilinx/Vitis_HLS/2021.1/lnx64/tools/clang-3.9-csynth/bin/clang-tidy -header-filter=.* --checks=-*,xilinx-systemc-detector -import-directive=/home/centos/workspace/project_kernels/Emulation-SW/build/mean_shift_accel/mean_shift_accel/mean_shift_accel/solution/.autopilot/db/.systemc_flag -fix-errors /home/centos/workspace/project_kernels/Emulation-SW/build/mean_shift_accel/mean_shift_accel/mean_shift_accel/solution/.autopilot/db/xf_mean_shift_accel.pp.0.cpp -- -std=gnu++14 -target fpga -fhls -ferror-limit=0
Command         clang_tidy done; 1.43 sec.
INFO-FLOW: Running: clang-tidy CDT preprocess 39
Execute         clang_tidy xilinx-directive2pragma /home/centos/workspace/project_kernels/Emulation-SW/build/mean_shift_accel/mean_shift_accel/mean_shift_accel/solution/.autopilot/db/xf_mean_shift_accel.pp.0.cpp std=gnu++14 -target fpga  -directive=/home/centos/workspace/project_kernels/Emulation-SW/build/mean_shift_accel/mean_shift_accel/mean_shift_accel/solution/.autopilot/db/all.directive.json 
INFO-FLOW: exec /opt/Xilinx/Vitis_HLS/2021.1/lnx64/tools/clang-3.9-csynth/bin/clang-tidy -header-filter=.* --checks=-*,xilinx-directive2pragma -import-directive=/home/centos/workspace/project_kernels/Emulation-SW/build/mean_shift_accel/mean_shift_accel/mean_shift_accel/solution/.autopilot/db/all.directive.json -fix-errors /home/centos/workspace/project_kernels/Emulation-SW/build/mean_shift_accel/mean_shift_accel/mean_shift_accel/solution/.autopilot/db/xf_mean_shift_accel.pp.0.cpp -- -std=gnu++14 -target fpga -fhls -ferror-limit=0
Command         clang_tidy done; 1.89 sec.
Execute         clang_tidy xilinx-constantarray-param,xilinx-remove-assert /home/centos/workspace/project_kernels/Emulation-SW/build/mean_shift_accel/mean_shift_accel/mean_shift_accel/solution/.autopilot/db/xf_mean_shift_accel.pp.0.cpp std=gnu++14 -target fpga  
INFO-FLOW: exec /opt/Xilinx/Vitis_HLS/2021.1/lnx64/tools/clang-3.9-csynth/bin/clang-tidy -header-filter=.* --checks=-*,xilinx-constantarray-param,xilinx-remove-assert -fix-errors /home/centos/workspace/project_kernels/Emulation-SW/build/mean_shift_accel/mean_shift_accel/mean_shift_accel/solution/.autopilot/db/xf_mean_shift_accel.pp.0.cpp -- -std=gnu++14 -target fpga -fhls -ferror-limit=0
Command         clang_tidy done; 2.4 sec.
INFO-FLOW: Done: clang-tidy CDT preprocess 39 time: 4.3 seconds per iteration
Execute         ap_part_info -name xcvu9p-flgb2104-2-i -data info 
INFO-FLOW: compiling source code to llvm bc
Execute         ap_eval exec -ignorestderr /opt/Xilinx/Vitis_HLS/2021.1/lnx64/tools/clang-3.9-csynth/bin/clang -foptimization-record-file=/home/centos/workspace/project_kernels/Emulation-SW/build/mean_shift_accel/mean_shift_accel/mean_shift_accel/solution/.autopilot/db/clang.xf_mean_shift_accel.pp.0.cpp.diag.yml -mllvm -pass-remarks-missed=reflow|pasta|unroll -mllvm -pass-remarks=reflow|pasta|unroll|inline -fno-limit-debug-info -fhls -flto -fno-exceptions -Wno-error=c++11-narrowing /home/centos/workspace/project_kernels/Emulation-SW/build/mean_shift_accel/mean_shift_accel/mean_shift_accel/solution/.autopilot/db/xf_mean_shift_accel.pp.0.cpp -g -D__SDA_MEM_MAP__ -I/home/centos/workspace/project_kernels/src -I/home/centos/workspace/project_kernels/libs/xf_opencv/L1/include -I/home/centos/workspace/project_kernels/src/build -fno-math-errno -c -emit-llvm -mllvm -disable-llvm-optzns -Werror=implicit-function-declaration -Werror=implicit-hls-streams -Werror=return-type -Wpragmas -Wunused-parameter -fno-threadsafe-statics -fno-use-cxa-atexit -std=gnu++14 -target fpga64-xilinx-linux-gnu -D__VITIS_HLS__ -DAESL_SYN -D__SYNTHESIS__ -D__HLS_SYN__ -I /opt/Xilinx/Vitis_HLS/2021.1/common/technology/autopilot -I /opt/Xilinx/Vitis_HLS/2021.1/common/technology/autopilot/ap_sysc -include etc/autopilot_ssdm_op.h -D__DSP48E2__ -g -o /home/centos/workspace/project_kernels/Emulation-SW/build/mean_shift_accel/mean_shift_accel/mean_shift_accel/solution/.autopilot/db/xf_mean_shift_accel.bc -hls-platform-db-name=/opt/Xilinx/Vitis_HLS/2021.1/common/technology/xilinx/common/platform.db -hls-platform-name=virtexuplus_medium > /home/centos/workspace/project_kernels/Emulation-SW/build/mean_shift_accel/mean_shift_accel/mean_shift_accel/solution/.autopilot/db/clang.xf_mean_shift_accel.pp.0.cpp.out.log 2> /home/centos/workspace/project_kernels/Emulation-SW/build/mean_shift_accel/mean_shift_accel/mean_shift_accel/solution/.autopilot/db/clang.xf_mean_shift_accel.pp.0.cpp.err.log 
Command         ap_eval done; 1.55 sec.
WARNING: [HLS 207-5301] unused parameter 'print': /opt/Xilinx/Vitis_HLS/2021.1/common/technology/autopilot/ap_int_base.h:792:16
WARNING: [HLS 207-5301] unused parameter 'src': /home/centos/workspace/project_kernels/libs/xf_opencv/L1/include/common/xf_structs.hpp:506:30
WARNING: [HLS 207-5301] unused parameter '_data': /home/centos/workspace/project_kernels/libs/xf_opencv/L1/include/common/xf_structs.hpp:517:30
WARNING: [HLS 207-5301] unused parameter 'index': /home/centos/workspace/project_kernels/libs/xf_opencv/L1/include/common/xf_structs.hpp:530:14
WARNING: [HLS 207-5301] unused parameter 'index': /home/centos/workspace/project_kernels/libs/xf_opencv/L1/include/common/xf_structs.hpp:541:20
WARNING: [HLS 207-5301] unused parameter 'dst': /home/centos/workspace/project_kernels/libs/xf_opencv/L1/include/common/xf_structs.hpp:773:101
WARNING: [HLS 207-5301] unused parameter 'index': /home/centos/workspace/project_kernels/libs/xf_opencv/L1/include/common/xf_structs.hpp:1165:102
WARNING: [HLS 207-5301] unused parameter 'index': /home/centos/workspace/project_kernels/libs/xf_opencv/L1/include/common/xf_structs.hpp:1471:34
WARNING: [HLS 207-4610] the argument to '__builtin_assume' has side effects that will be discarded: /home/centos/workspace/project_kernels/libs/xf_opencv/L1/include/imgproc/xf_rgb2hsv.hpp:151:43
WARNING: [HLS 207-4610] the argument to '__builtin_assume' has side effects that will be discarded: /home/centos/workspace/project_kernels/libs/xf_opencv/L1/include/imgproc/xf_rgb2hsv.hpp:152:43
WARNING: [HLS 207-4610] the argument to '__builtin_assume' has side effects that will be discarded: /home/centos/workspace/project_kernels/libs/xf_opencv/L1/include/imgproc/xf_rgb2hsv.hpp:153:46
WARNING: [HLS 207-4610] the argument to '__builtin_assume' has side effects that will be discarded: /home/centos/workspace/project_kernels/libs/xf_opencv/L1/include/imgproc/xf_rgb2hsv.hpp:154:46
WARNING: [HLS 207-5301] unused parameter 'y1': /home/centos/workspace/project_kernels/libs/xf_opencv/L1/include/imgproc/xf_mean_shift_kernel.hpp:194:30
WARNING: [HLS 207-4610] the argument to '__builtin_assume' has side effects that will be discarded: /home/centos/workspace/project_kernels/libs/xf_opencv/L1/include/imgproc/xf_rgb2hsv.hpp:151:43
INFO: [HLS 207-4230] in instantiation of function template specialization 'xf::cv::rgb2hsv<9, 550, 598, 1>' requested here: /home/centos/workspace/project_kernels/src/xf_mean_shift_accel.cpp:54:13
WARNING: [HLS 207-4610] the argument to '__builtin_assume' has side effects that will be discarded: /home/centos/workspace/project_kernels/libs/xf_opencv/L1/include/imgproc/xf_rgb2hsv.hpp:152:43
WARNING: [HLS 207-4610] the argument to '__builtin_assume' has side effects that will be discarded: /home/centos/workspace/project_kernels/libs/xf_opencv/L1/include/imgproc/xf_rgb2hsv.hpp:153:46
WARNING: [HLS 207-4610] the argument to '__builtin_assume' has side effects that will be discarded: /home/centos/workspace/project_kernels/libs/xf_opencv/L1/include/imgproc/xf_rgb2hsv.hpp:154:46
INFO: [HLS 200-111] Finished Source Code Analysis and Preprocessing: CPU user time: 10.13 seconds. CPU system time: 0.62 seconds. Elapsed time: 8.97 seconds; current allocated memory: 110.149 MB.
INFO-FLOW: Linking Debug ...
INFO-FLOW: Linking dut bc code.
Execute         run_link_or_opt -out /home/centos/workspace/project_kernels/Emulation-SW/build/mean_shift_accel/mean_shift_accel/mean_shift_accel/solution/.autopilot/db/a.g.ld.0.bc -args  "/home/centos/workspace/project_kernels/Emulation-SW/build/mean_shift_accel/mean_shift_accel/mean_shift_accel/solution/.autopilot/db/xf_mean_shift_accel.g.bc"  
Execute           ap_eval exec -ignorestderr /opt/Xilinx/Vitis_HLS/2021.1/lnx64/tools/clang-3.9-csynth/bin/llvm-link /home/centos/workspace/project_kernels/Emulation-SW/build/mean_shift_accel/mean_shift_accel/mean_shift_accel/solution/.autopilot/db/xf_mean_shift_accel.g.bc -o /home/centos/workspace/project_kernels/Emulation-SW/build/mean_shift_accel/mean_shift_accel/mean_shift_accel/solution/.autopilot/db/a.g.ld.0.bc > /home/centos/workspace/project_kernels/Emulation-SW/build/mean_shift_accel/mean_shift_accel/mean_shift_accel/solution/.autopilot/db/llvm-link.a.g.ld.0.bc.out.log 2> /home/centos/workspace/project_kernels/Emulation-SW/build/mean_shift_accel/mean_shift_accel/mean_shift_accel/solution/.autopilot/db/llvm-link.a.g.ld.0.bc.err.log 
INFO-FLOW: 
Execute         run_link_or_opt -opt -out /home/centos/workspace/project_kernels/Emulation-SW/build/mean_shift_accel/mean_shift_accel/mean_shift_accel/solution/.autopilot/db/a.g.ld.1.lower.bc -args /home/centos/workspace/project_kernels/Emulation-SW/build/mean_shift_accel/mean_shift_accel/mean_shift_accel/solution/.autopilot/db/a.g.ld.0.bc -reflow-lower-math-intrinsics 
Execute           ap_eval exec -ignorestderr /opt/Xilinx/Vitis_HLS/2021.1/lnx64/tools/clang-3.9-csynth/bin/opt -pass-remarks-missed=reflow|pasta|unroll -pass-remarks=reflow|pasta|unroll|inline -pass-remarks-output=/home/centos/workspace/project_kernels/Emulation-SW/build/mean_shift_accel/mean_shift_accel/mean_shift_accel/solution/.autopilot/db/opt.a.g.ld.1.lower.bc.diag.yml /home/centos/workspace/project_kernels/Emulation-SW/build/mean_shift_accel/mean_shift_accel/mean_shift_accel/solution/.autopilot/db/a.g.ld.0.bc -reflow-lower-math-intrinsics -o /home/centos/workspace/project_kernels/Emulation-SW/build/mean_shift_accel/mean_shift_accel/mean_shift_accel/solution/.autopilot/db/a.g.ld.1.lower.bc > /home/centos/workspace/project_kernels/Emulation-SW/build/mean_shift_accel/mean_shift_accel/mean_shift_accel/solution/.autopilot/db/opt.a.g.ld.1.lower.bc.out.log 2> /home/centos/workspace/project_kernels/Emulation-SW/build/mean_shift_accel/mean_shift_accel/mean_shift_accel/solution/.autopilot/db/opt.a.g.ld.1.lower.bc.err.log 
INFO-FLOW: 
INFO-FLOW: Linking math bc lib
Execute         run_link_or_opt -out /home/centos/workspace/project_kernels/Emulation-SW/build/mean_shift_accel/mean_shift_accel/mean_shift_accel/solution/.autopilot/db/a.g.ld.2.m1.bc -args /home/centos/workspace/project_kernels/Emulation-SW/build/mean_shift_accel/mean_shift_accel/mean_shift_accel/solution/.autopilot/db/a.g.ld.1.lower.bc -only-needed /opt/Xilinx/Vitis_HLS/2021.1/lnx64/lib/libhlsm_39.bc /opt/Xilinx/Vitis_HLS/2021.1/lnx64/lib/libhlsmc++_39.bc 
Execute           ap_eval exec -ignorestderr /opt/Xilinx/Vitis_HLS/2021.1/lnx64/tools/clang-3.9-csynth/bin/llvm-link /home/centos/workspace/project_kernels/Emulation-SW/build/mean_shift_accel/mean_shift_accel/mean_shift_accel/solution/.autopilot/db/a.g.ld.1.lower.bc -only-needed /opt/Xilinx/Vitis_HLS/2021.1/lnx64/lib/libhlsm_39.bc /opt/Xilinx/Vitis_HLS/2021.1/lnx64/lib/libhlsmc++_39.bc -o /home/centos/workspace/project_kernels/Emulation-SW/build/mean_shift_accel/mean_shift_accel/mean_shift_accel/solution/.autopilot/db/a.g.ld.2.m1.bc > /home/centos/workspace/project_kernels/Emulation-SW/build/mean_shift_accel/mean_shift_accel/mean_shift_accel/solution/.autopilot/db/llvm-link.a.g.ld.2.m1.bc.out.log 2> /home/centos/workspace/project_kernels/Emulation-SW/build/mean_shift_accel/mean_shift_accel/mean_shift_accel/solution/.autopilot/db/llvm-link.a.g.ld.2.m1.bc.err.log 
Command           ap_eval done; 2.91 sec.
INFO-FLOW: 
Command         run_link_or_opt done; 2.91 sec.
Execute         run_link_or_opt -opt -out /home/centos/workspace/project_kernels/Emulation-SW/build/mean_shift_accel/mean_shift_accel/mean_shift_accel/solution/.autopilot/db/a.g.ld.3.fpc.bc -args /home/centos/workspace/project_kernels/Emulation-SW/build/mean_shift_accel/mean_shift_accel/mean_shift_accel/solution/.autopilot/db/a.g.ld.2.m1.bc -reflow-globaldce -hls-top-function-name=mean_shift_accel -reflow-float-conversion 
Execute           ap_eval exec -ignorestderr /opt/Xilinx/Vitis_HLS/2021.1/lnx64/tools/clang-3.9-csynth/bin/opt -pass-remarks-missed=reflow|pasta|unroll -pass-remarks=reflow|pasta|unroll|inline -pass-remarks-output=/home/centos/workspace/project_kernels/Emulation-SW/build/mean_shift_accel/mean_shift_accel/mean_shift_accel/solution/.autopilot/db/opt.a.g.ld.3.fpc.bc.diag.yml /home/centos/workspace/project_kernels/Emulation-SW/build/mean_shift_accel/mean_shift_accel/mean_shift_accel/solution/.autopilot/db/a.g.ld.2.m1.bc -reflow-globaldce -hls-top-function-name=mean_shift_accel -reflow-float-conversion -o /home/centos/workspace/project_kernels/Emulation-SW/build/mean_shift_accel/mean_shift_accel/mean_shift_accel/solution/.autopilot/db/a.g.ld.3.fpc.bc > /home/centos/workspace/project_kernels/Emulation-SW/build/mean_shift_accel/mean_shift_accel/mean_shift_accel/solution/.autopilot/db/opt.a.g.ld.3.fpc.bc.out.log 2> /home/centos/workspace/project_kernels/Emulation-SW/build/mean_shift_accel/mean_shift_accel/mean_shift_accel/solution/.autopilot/db/opt.a.g.ld.3.fpc.bc.err.log 
Command           ap_eval done; 1.05 sec.
INFO-FLOW: 
Command         run_link_or_opt done; 1.05 sec.
Execute         run_link_or_opt -out /home/centos/workspace/project_kernels/Emulation-SW/build/mean_shift_accel/mean_shift_accel/mean_shift_accel/solution/.autopilot/db/a.g.ld.4.m2.bc -args /home/centos/workspace/project_kernels/Emulation-SW/build/mean_shift_accel/mean_shift_accel/mean_shift_accel/solution/.autopilot/db/a.g.ld.3.fpc.bc -only-needed /opt/Xilinx/Vitis_HLS/2021.1/lnx64/lib/libfloatconversion_39.bc 
Execute           ap_eval exec -ignorestderr /opt/Xilinx/Vitis_HLS/2021.1/lnx64/tools/clang-3.9-csynth/bin/llvm-link /home/centos/workspace/project_kernels/Emulation-SW/build/mean_shift_accel/mean_shift_accel/mean_shift_accel/solution/.autopilot/db/a.g.ld.3.fpc.bc -only-needed /opt/Xilinx/Vitis_HLS/2021.1/lnx64/lib/libfloatconversion_39.bc -o /home/centos/workspace/project_kernels/Emulation-SW/build/mean_shift_accel/mean_shift_accel/mean_shift_accel/solution/.autopilot/db/a.g.ld.4.m2.bc > /home/centos/workspace/project_kernels/Emulation-SW/build/mean_shift_accel/mean_shift_accel/mean_shift_accel/solution/.autopilot/db/llvm-link.a.g.ld.4.m2.bc.out.log 2> /home/centos/workspace/project_kernels/Emulation-SW/build/mean_shift_accel/mean_shift_accel/mean_shift_accel/solution/.autopilot/db/llvm-link.a.g.ld.4.m2.bc.err.log 
Command           ap_eval done; 0.12 sec.
INFO-FLOW: 
Command         run_link_or_opt done; 0.12 sec.
Execute         run_link_or_opt -opt -out /home/centos/workspace/project_kernels/Emulation-SW/build/mean_shift_accel/mean_shift_accel/mean_shift_accel/solution/.autopilot/db/a.g.ld.5.gdce.bc -args /home/centos/workspace/project_kernels/Emulation-SW/build/mean_shift_accel/mean_shift_accel/mean_shift_accel/solution/.autopilot/db/a.g.ld.4.m2.bc -reflow-globaldce -hls-top-function-name=mean_shift_accel 
Execute           ap_eval exec -ignorestderr /opt/Xilinx/Vitis_HLS/2021.1/lnx64/tools/clang-3.9-csynth/bin/opt -pass-remarks-missed=reflow|pasta|unroll -pass-remarks=reflow|pasta|unroll|inline -pass-remarks-output=/home/centos/workspace/project_kernels/Emulation-SW/build/mean_shift_accel/mean_shift_accel/mean_shift_accel/solution/.autopilot/db/opt.a.g.ld.5.gdce.bc.diag.yml /home/centos/workspace/project_kernels/Emulation-SW/build/mean_shift_accel/mean_shift_accel/mean_shift_accel/solution/.autopilot/db/a.g.ld.4.m2.bc -reflow-globaldce -hls-top-function-name=mean_shift_accel -o /home/centos/workspace/project_kernels/Emulation-SW/build/mean_shift_accel/mean_shift_accel/mean_shift_accel/solution/.autopilot/db/a.g.ld.5.gdce.bc > /home/centos/workspace/project_kernels/Emulation-SW/build/mean_shift_accel/mean_shift_accel/mean_shift_accel/solution/.autopilot/db/opt.a.g.ld.5.gdce.bc.out.log 2> /home/centos/workspace/project_kernels/Emulation-SW/build/mean_shift_accel/mean_shift_accel/mean_shift_accel/solution/.autopilot/db/opt.a.g.ld.5.gdce.bc.err.log 
INFO-FLOW: 
Execute         get_solution -flow_target 
Execute         get_config_rtl -module_prefix 
Execute         get_config_interface -default_slave_interface 
Execute         get_solution -flow_target 
Execute         get_config_interface -m_axi_offset 
Execute         get_config_interface -m_axi_latency 
Execute         get_config_interface -m_axi_alignment_byte_size 
Execute         get_config_interface -m_axi_min_bitwidth 
Execute         get_config_interface -m_axi_max_bitwidth 
Execute         get_config_interface -m_axi_max_widen_bitwidth 
Execute         get_config_interface -m_axi_num_read_outstanding 
Execute         get_config_interface -m_axi_num_write_outstanding 
Execute         get_config_interface -m_axi_max_read_burst_length 
Execute         get_config_interface -m_axi_max_write_burst_length 
Execute         get_config_interface -m_axi_min_bitwidth 
Execute         get_config_interface -m_axi_max_bitwidth 
Execute         get_config_interface -m_axi_latency 
Execute         get_config_interface -m_axi_min_bitwidth 
Execute         get_config_interface -m_axi_max_bitwidth 
Execute         get_config_interface -m_axi_max_widen_bitwidth 
Execute         get_config_interface -m_axi_auto_max_ports 
Execute         get_config_interface -m_axi_num_read_outstanding 
Execute         get_config_interface -m_axi_num_write_outstanding 
Execute         get_config_interface -m_axi_max_read_burst_length 
Execute         get_config_interface -m_axi_max_write_burst_length 
Execute         get_config_interface -s_axilite_data64 
Execute         get_config_compile -instruction_warning_threshold 
Execute         get_config_interface -m_axi_alignment_byte_size 
Execute         get_config_compile -pragma_strict_mode 
Execute         get_config_compile -pipeline_style 
Execute         get_config_array_partition -throughput_driven 
Execute         send_msg_by_id INFO @200-777@%s Vitis 
INFO: [HLS 200-777] Using interface defaults for 'Vitis' flow target.
Execute         is_m_axi_addr64 
INFO-FLOW: Doing LTO.
Execute         ap_eval exec -ignorestderr /opt/Xilinx/Vitis_HLS/2021.1/lnx64/tools/clang-3.9-csynth/bin/clang -foptimization-record-file=/home/centos/workspace/project_kernels/Emulation-SW/build/mean_shift_accel/mean_shift_accel/mean_shift_accel/solution/.autopilot/db/clang.a.g.ld.0.bc.diag.yml -mllvm -pass-remarks-missed=reflow|pasta|unroll -mllvm -pass-remarks=reflow|pasta|unroll|inline -fhls -mllvm -hls-top-function-name=mean_shift_accel -mllvm -hls-db-dir -mllvm /home/centos/workspace/project_kernels/Emulation-SW/build/mean_shift_accel/mean_shift_accel/mean_shift_accel/solution/.autopilot/db -emit-llvm -c -target fpga64-xilinx-none -mllvm -xcl-xmlinfo=/home/centos/workspace/project_kernels/Emulation-SW/build/mean_shift_accel/mean_shift_accel/mean_shift_accel/solution/.autopilot/db/../../../kernel.xml -mllvm -top-io-mapping-info=/home/centos/workspace/project_kernels/Emulation-SW/build/mean_shift_accel/mean_shift_accel/mean_shift_accel/solution/.autopilot/db/top-io-fe.xml -mllvm -xcl-target=cpu -mllvm -hls-bitcode-version=3.1 -mllvm -reflow-enable-slave-interface-default-setting=true -mllvm -gen-kernel-xml=true -mllvm -default-maxi-offset=slave -mllvm -maxi-latency=64 -mllvm -hls-maxi-data-size-in-bits=8 -mllvm -hls-maxi-max-data-size-in-bits=1024 -mllvm -hls-max-widen-size-in-bits=512 -mllvm -xcl-kernel-max-mem-ports=0 -mllvm -maxi-read-trans=16 -mllvm -maxi-write-trans=16 -mllvm -maxi-read-burst-len=16 -mllvm -maxi-write-burst-len=16 -mllvm -reflow-enable-saxi-64bits=0 -mllvm -reflow-basic-block-instr-threshhold=200000 -mllvm -assume-maxi-align=64 -mllvm -no-unaligned-maxi-accesses=false -mllvm -reflow-pipeline-style-llvm-setting=0 -mllvm -reflow-auto-array-partition-mode=default -mllvm -reflow-enable-auto-array-partition=true -mllvm -reflow-aggregate-bitwidth-threshold=4096 -mllvm -reflow-disaggregate-bitwidth-threshold=4096 -mllvm -hls -mllvm -disable-inlined-alloca-merging=true -mllvm -enable-reflow-vitis-flow-setting=true -x ir /home/centos/workspace/project_kernels/Emulation-SW/build/mean_shift_accel/mean_shift_accel/mean_shift_accel/solution/.autopilot/db/a.g.ld.5.gdce.bc -o /home/centos/workspace/project_kernels/Emulation-SW/build/mean_shift_accel/mean_shift_accel/mean_shift_accel/solution/.autopilot/db/a.g.lto.bc -hls-platform-db-name=/opt/Xilinx/Vitis_HLS/2021.1/common/technology/xilinx/common/platform.db -hls-platform-name=virtexuplus_medium > /home/centos/workspace/project_kernels/Emulation-SW/build/mean_shift_accel/mean_shift_accel/mean_shift_accel/solution/.autopilot/db/clang.a.g.ld.0.bc.out.log 2> /home/centos/workspace/project_kernels/Emulation-SW/build/mean_shift_accel/mean_shift_accel/mean_shift_accel/solution/.autopilot/db/clang.a.g.ld.0.bc.err.log 
Command         ap_eval done; 0.5 sec.
Execute         source /opt/Xilinx/Vitis_HLS/2021.1/tps/tcl/tcllib1.11.1/yaml/yaml.tcl 
INFO: [HLS 214-279] Initial Interval estimation mode is set into default.
INFO: [HLS 214-284] Auto array partition mode is set into default.
INFO: [HLS 214-131] Inlining function 'xf::cv::Mat<9, 550, 598, 1, -1>::init(int, int, bool)' into 'void xf::cv::Mat<9, 550, 598, 1, -1>::init<-1, (void*)0>(int, int, void*)' (/home/centos/workspace/project_kernels/libs/xf_opencv/L1/include/common/xf_structs.hpp:554:9)
INFO: [HLS 214-131] Inlining function 'xf::cv::Mat<9, 550, 598, 1, -1>::init(int, int, bool)' into 'xf::cv::Mat<9, 550, 598, 1, -1>::Mat()' (/home/centos/workspace/project_kernels/libs/xf_opencv/L1/include/common/xf_structs.hpp:645:2)
INFO: [HLS 214-131] Inlining function 'hls::stream<ap_uint<24>, 0>::write(ap_uint<24> const&)' into 'void xFTrackmulBlkReadIn<550, 598, 598, 9, 550, 598, 1>(DataType<9, 1>::name*, xf::cv::Mat<9, 550, 598, 1, -1>&, int, hls::stream<DataType<9, 1>::name, 0>&, int, int, unsigned short)' (/home/centos/workspace/project_kernels/libs/xf_opencv/L1/include/imgproc/xf_mean_shift_kernel.hpp:89:16)
INFO: [HLS 214-131] Inlining function 'void xFTrackmulBlkReadIn<550, 598, 598, 9, 550, 598, 1>(DataType<9, 1>::name*, xf::cv::Mat<9, 550, 598, 1, -1>&, int, hls::stream<DataType<9, 1>::name, 0>&, int, int, unsigned short)' into 'void xFTrackmulBlkRead<550, 598, 598, 9, 550, 598, 1>(hls::stream<DataType<9, 1>::name, 0>&, xf::cv::Mat<9, 550, 598, 1, -1>&, unsigned short, unsigned short, unsigned short, unsigned short)' (/home/centos/workspace/project_kernels/libs/xf_opencv/L1/include/imgproc/xf_mean_shift_kernel.hpp:124:2)
INFO: [HLS 214-131] Inlining function 'hls::stream<ap_uint<24>, 0>::read(ap_uint<24>&)' into 'hls::stream<ap_uint<24>, 0>::read()' (/opt/Xilinx/Vitis_HLS/2021.1/common/technology/autopilot/hls_stream_39.h:156:9)
INFO: [HLS 214-131] Inlining function 'hls::stream<ap_uint<24>, 0>::read()' into 'void xFTrackmulHist<550, 299, 598, 1, 9, unsigned int, unsigned short>(hls::stream<StreamType<9>::name, 0>&, unsigned short, unsigned short, unsigned short, unsigned short, unsigned int*, unsigned int*, unsigned short*, unsigned char)' (/home/centos/workspace/project_kernels/libs/xf_opencv/L1/include/imgproc/xf_mean_shift_kernel.hpp:245:52)
INFO: [HLS 214-131] Inlining function 'hls::stream<ap_uint<24>, 0>::read()' into 'void xFTrackmulHist<550, 299, 598, 1, 9, unsigned int, unsigned short>(hls::stream<StreamType<9>::name, 0>&, unsigned short, unsigned short, unsigned short, unsigned short, unsigned int*, unsigned int*, unsigned short*, unsigned char)' (/home/centos/workspace/project_kernels/libs/xf_opencv/L1/include/imgproc/xf_mean_shift_kernel.hpp:246:63)
INFO: [HLS 214-131] Inlining function 'hls::stream<ap_uint<24>, 0>::stream()' into 'void xFTrackmulFindhist<550, 598, 598, 9, 550, 598, 1, unsigned int, unsigned short>(xf::cv::Mat<9, 550, 598, 1, -1>&, unsigned short, unsigned short, unsigned short, unsigned short, unsigned int*, unsigned int*, unsigned short*, unsigned char)' (/home/centos/workspace/project_kernels/libs/xf_opencv/L1/include/imgproc/xf_mean_shift_kernel.hpp:456:51)
INFO: [HLS 214-131] Inlining function 'xFTrackmulSqrt(int)' into 'void xFTrackmulWeight<550, 598, 598, 1, unsigned int, unsigned short>(unsigned int*, unsigned int*, unsigned short*, unsigned short&, unsigned short&, unsigned short, unsigned short, unsigned short&, unsigned short&, bool&, unsigned short, unsigned short)' (/home/centos/workspace/project_kernels/libs/xf_opencv/L1/include/imgproc/xf_mean_shift_kernel.hpp:372:26)
INFO: [HLS 214-131] Inlining function 'xf::cv::Mat<9, 550, 598, 1, -1>::Mat(int, int, void*)' into 'mean_shift_accel' (/home/centos/workspace/project_kernels/src/xf_mean_shift_accel.cpp:51:43)
INFO: [HLS 214-131] Inlining function 'xf::cv::Mat<9, 550, 598, 1, -1>::Mat()' into 'mean_shift_accel' (/home/centos/workspace/project_kernels/src/xf_mean_shift_accel.cpp:52:46)
INFO: [HLS 214-178] Inlining function 'void xf::cv::Mat<9, 550, 598, 1, -1>::assignDataPtr<-1, (void*)0>(void*)' into 'void xf::cv::Mat<9, 550, 598, 1, -1>::init<-1, (void*)0>(int, int, void*)' (/home/centos/workspace/project_kernels/libs/xf_opencv/L1/include/common/xf_structs.hpp:553:0)
INFO: [HLS 214-178] Inlining function 'ap_uint<24> xf::cv::Mat<9, 550, 598, 1, -1>::read<-1, (void*)0>(int)' into 'void xf::cv::rgb2hsv<9, 550, 598, 1>(xf::cv::Mat<9, 550, 598, 1, -1>&, xf::cv::Mat<9, 550, 598, 1, -1>&)' (/home/centos/workspace/project_kernels/libs/xf_opencv/L1/include/imgproc/xf_rgb2hsv.hpp:73:0)
INFO: [HLS 214-178] Inlining function 'void xf::cv::Mat<9, 550, 598, 1, -1>::write<-1, (void*)0>(int, ap_uint<24>)' into 'void xf::cv::rgb2hsv<9, 550, 598, 1>(xf::cv::Mat<9, 550, 598, 1, -1>&, xf::cv::Mat<9, 550, 598, 1, -1>&)' (/home/centos/workspace/project_kernels/libs/xf_opencv/L1/include/imgproc/xf_rgb2hsv.hpp:73:0)
INFO: [HLS 214-178] Inlining function 'ap_uint<24> xf::cv::Mat<9, 550, 598, 1, -1>::read<-1, (void*)0>(int)' into 'void xFTrackmulBlkRead<550, 598, 598, 9, 550, 598, 1>(hls::stream<DataType<9, 1>::name, 0>&, xf::cv::Mat<9, 550, 598, 1, -1>&, unsigned short, unsigned short, unsigned short, unsigned short)' (/home/centos/workspace/project_kernels/libs/xf_opencv/L1/include/imgproc/xf_mean_shift_kernel.hpp:111:0)
INFO: [HLS 214-178] Inlining function 'xFTrackmulFindbin(unsigned char, unsigned char, unsigned char)' into 'void xFTrackmulFindbinIncrement<550, 598, unsigned short>(ap_uint<32>, short&, unsigned short&, unsigned short*, unsigned short, unsigned short, unsigned short, unsigned short, unsigned short, unsigned int)' (/home/centos/workspace/project_kernels/libs/xf_opencv/L1/include/imgproc/xf_mean_shift_kernel.hpp:156:0)
INFO: [HLS 214-178] Inlining function 'void xFTrackmulFindbinIncrement<550, 598, unsigned short>(ap_uint<32>, short&, unsigned short&, unsigned short*, unsigned short, unsigned short, unsigned short, unsigned short, unsigned short, unsigned int)' into 'void xFTrackmulHist<550, 299, 598, 1, 9, unsigned int, unsigned short>(hls::stream<StreamType<9>::name, 0>&, unsigned short, unsigned short, unsigned short, unsigned short, unsigned int*, unsigned int*, unsigned short*, unsigned char)' (/home/centos/workspace/project_kernels/libs/xf_opencv/L1/include/imgproc/xf_mean_shift_kernel.hpp:199:0)
INFO: [HLS 214-178] Inlining function 'void xFTrackmulKernelFunc<550, 598, 598, 9, 550, 598, 10, 8, 1>(xf::cv::Mat<9, 550, 598, 1, -1>&, unsigned short, unsigned short, unsigned short, unsigned short, unsigned short&, unsigned short&, bool&, unsigned char, unsigned char, unsigned char)' into 'void xFMeanShiftKernel<550, 598, 9, 550, 598, 10, 4, 1>(xf::cv::Mat<9, 550, 598, 1, -1>&, unsigned short*, unsigned short*, unsigned short*, unsigned short*, unsigned short*, unsigned short*, unsigned short*, unsigned char, unsigned char, unsigned char)' (/home/centos/workspace/project_kernels/libs/xf_opencv/L1/include/imgproc/xf_mean_shift_kernel.hpp:582:0)
INFO: [HLS 214-178] Inlining function 'void xFMeanShiftKernel<550, 598, 9, 550, 598, 10, 4, 1>(xf::cv::Mat<9, 550, 598, 1, -1>&, unsigned short*, unsigned short*, unsigned short*, unsigned short*, unsigned short*, unsigned short*, unsigned short*, unsigned char, unsigned char, unsigned char)' into 'void xf::cv::MeanShift<10, 4, 550, 598, 9, 550, 598, 1>(xf::cv::Mat<9, 550, 598, 1, -1>&, unsigned short*, unsigned short*, unsigned short*, unsigned short*, unsigned short*, unsigned short*, unsigned short*, unsigned char, unsigned char, unsigned char)' (/home/centos/workspace/project_kernels/libs/xf_opencv/L1/include/imgproc/xf_mean_shift.hpp:38:0)
INFO: [HLS 214-178] Inlining function 'void xf::cv::Mat<9, 550, 598, 1, -1>::init<-1, (void*)0>(int, int, void*)' into 'mean_shift_accel' (/home/centos/workspace/project_kernels/src/xf_mean_shift_accel.cpp:33:0)
INFO-FLOW: DBG:PUTS: copy_raw_kernel_xml ap_link_39: copying raw kernel.xml: /home/centos/workspace/project_kernels/Emulation-SW/build/mean_shift_accel/mean_shift_accel/mean_shift_accel/solution/.autopilot/db/../../../kernel.xml -> /home/centos/workspace/project_kernels/Emulation-SW/build/mean_shift_accel/mean_shift_accel/mean_shift_accel/solution/.autopilot/db/kernel.internal.xml
INFO: [HLS 200-111] Finished Compiling Optimization and Transform: CPU user time: 4.58 seconds. CPU system time: 0.35 seconds. Elapsed time: 4.93 seconds; current allocated memory: 111.186 MB.
INFO: [HLS 200-111] Finished Checking Pragmas: CPU user time: 0.01 seconds. CPU system time: 0 seconds. Elapsed time: 0 seconds; current allocated memory: 111.187 MB.
Command       elaborate done; 13.91 sec.
Execute       ap_eval exec zip -j /home/centos/workspace/project_kernels/Emulation-SW/build/mean_shift_accel/mean_shift_accel/mean_shift_accel/solution/.autopilot/db/dut.hcp $dbDir/a.o.3.bc $dbDir/${topname}.rtl_wrap.cfg.tcl $dbDir/apatb_${topname}.cpp $dbDir/apatb_${topname}_util.cpp $dbDir/apatb_${topname}_ir.ll $dbDir/mapper_${topname}.cpp $dbDir/top-io-fe.xml $dbDir/kernel.internal.xml $workdir/../hls.app 
Execute       send_msg_by_id INFO @200-1493@ 
INFO: [HLS 200-1493] Running only source code synthesis checks, skipping scheduling and RTL generation.
Command     csynth_design done; 13.92 sec.
INFO: [HLS 200-111] Finished Command csynth_design CPU user time: 14.73 seconds. CPU system time: 0.98 seconds. Elapsed time: 13.92 seconds; current allocated memory: 111.159 MB.
Execute     close_project 
Execute       cleanup_all -project 
Execute     cleanup_all 
