# 
# Steps log generated by v++
# This log file contains a collection of steps that describe the kernel compilation flow
# Note: Some steps are tagged as internal, these steps are for debugging purposes and 
#       are not expected to be able to run independently.
# 

# The following environment variables are set when running v++
Environment variables :
------------------------------------------
LIBOVERLAY_SCROLLBAR=0
_RDI_DONT_SET_XILINX_AS_PATH=True
XDG_SESSION_ID=c5
SSH_AGENT_PID=4912
HOSTNAME=ip-172-31-94-117.ec2.internal
XRDP_SOCKET_PATH=/run/xrdp
IMSETTINGS_INTEGRATE_DESKTOP=yes
TERM=xterm-256color
XILINX_DSP=
XDG_MENU_PREFIX=gnome-
VTE_VERSION=5204
SHELL=/bin/bash
HISTSIZE=1000
MAKEFLAGS=
XILINX_RS_SESSION=813a31e7-e0d1-4ca5-b6e0-62bab2d955ab
MYVIVADO=
GNOME_TERMINAL_SCREEN=/org/gnome/Terminal/screen/be76189d_8481_4eb2_8690_d1c9ba98ac9c
HDK_SHELL_DIR=/home/centos/aws-fpga/hdk/common/shell_v04261818
RDI_TPS_ROOT=/opt/Xilinx/Vivado/2021.1/tps/lnx64
HDI_PROCESSOR=x86_64
HDK_SHELL_DESIGN_DIR=/home/centos/aws-fpga/hdk/common/shell_v04261818/design
SYNTH_COMMON=/opt/Xilinx/Vitis/2021.1/scripts/rt/data
LC_ALL=en_US.UTF-8
RDI_JAVA_VERSION=11.0.2
RT_TCL_PATH=/opt/Xilinx/Vitis/2021.1/scripts/rt/base_tcl/tcl
IMSETTINGS_MODULE=none
RDI_PREPEND_PATH=/opt/Xilinx/Vitis/2021.1/bin:/opt/Xilinx/Vitis/2021.1/bin
USER=centos
RDI_OPT_EXT=.o
LD_LIBRARY_PATH=/opt/Xilinx/Vitis/2021.1/tps/lnx64/javafx-sdk-11.0.2/lib:/opt/Xilinx/Vitis/2021.1/lib/lnx64.o/Default:/opt/Xilinx/Vitis/2021.1/lib/lnx64.o:/opt/Xilinx/Vitis/2021.1/tps/lnx64/jre11.0.2/lib/:/opt/Xilinx/Vitis/2021.1/tps/lnx64/jre11.0.2/lib//server:/opt/Xilinx/Vitis/2021.1/lib/lnx64.o/Default:/opt/Xilinx/Vitis/2021.1/lib/lnx64.o:/opt/Xilinx/Vitis/2021.1/tps/lnx64/javafx-sdk-11.0.2/lib:/opt/Xilinx/Vitis/2021.1/lib/lnx64.o/Default:/opt/Xilinx/Vitis/2021.1/lib/lnx64.o:/opt/Xilinx/Vitis/2021.1/tps/lnx64/jre11.0.2/lib/:/opt/Xilinx/Vitis/2021.1/tps/lnx64/jre11.0.2/lib//server:/opt/Xilinx/Vitis/2021.1/lib/lnx64.o:/opt/Xilinx/Vitis/2021.1/lib/lnx64.o/Default:/opt/Xilinx/Vitis/2021.1/lib/lnx64.o:/opt/Xilinx/Vitis/2021.1/tps/lnx64/python-3.8.3/lib:/opt/Xilinx/Vitis/2021.1/aietools/lib/lnx64.o:/opt/xilinx/xrt/lib:/opt/xilinx/xrt/lib:/opt/xilinx/xrt/lib:/opt/xilinx/xrt/lib::/opt/Xilinx/Vitis/2021.1/bin/../lnx64/tools/dot/lib:/opt/Xilinx/Vitis/2021.1/bin/../lnx64/tools/dot/lib
LS_COLORS=rs=0:di=38;5;27:ln=38;5;51:mh=44;38;5;15:pi=40;38;5;11:so=38;5;13:do=38;5;5:bd=48;5;232;38;5;11:cd=48;5;232;38;5;3:or=48;5;232;38;5;9:mi=05;48;5;232;38;5;15:su=48;5;196;38;5;15:sg=48;5;11;38;5;16:ca=48;5;196;38;5;226:tw=48;5;10;38;5;16:ow=48;5;10;38;5;21:st=48;5;21;38;5;15:ex=38;5;34:*.tar=38;5;9:*.tgz=38;5;9:*.arc=38;5;9:*.arj=38;5;9:*.taz=38;5;9:*.lha=38;5;9:*.lz4=38;5;9:*.lzh=38;5;9:*.lzma=38;5;9:*.tlz=38;5;9:*.txz=38;5;9:*.tzo=38;5;9:*.t7z=38;5;9:*.zip=38;5;9:*.z=38;5;9:*.Z=38;5;9:*.dz=38;5;9:*.gz=38;5;9:*.lrz=38;5;9:*.lz=38;5;9:*.lzo=38;5;9:*.xz=38;5;9:*.bz2=38;5;9:*.bz=38;5;9:*.tbz=38;5;9:*.tbz2=38;5;9:*.tz=38;5;9:*.deb=38;5;9:*.rpm=38;5;9:*.jar=38;5;9:*.war=38;5;9:*.ear=38;5;9:*.sar=38;5;9:*.rar=38;5;9:*.alz=38;5;9:*.ace=38;5;9:*.zoo=38;5;9:*.cpio=38;5;9:*.7z=38;5;9:*.rz=38;5;9:*.cab=38;5;9:*.jpg=38;5;13:*.jpeg=38;5;13:*.gif=38;5;13:*.bmp=38;5;13:*.pbm=38;5;13:*.pgm=38;5;13:*.ppm=38;5;13:*.tga=38;5;13:*.xbm=38;5;13:*.xpm=38;5;13:*.tif=38;5;13:*.tiff=38;5;13:*.png=38;5;13:*.svg=38;5;13:*.svgz=38;5;13:*.mng=38;5;13:*.pcx=38;5;13:*.mov=38;5;13:*.mpg=38;5;13:*.mpeg=38;5;13:*.m2v=38;5;13:*.mkv=38;5;13:*.webm=38;5;13:*.ogm=38;5;13:*.mp4=38;5;13:*.m4v=38;5;13:*.mp4v=38;5;13:*.vob=38;5;13:*.qt=38;5;13:*.nuv=38;5;13:*.wmv=38;5;13:*.asf=38;5;13:*.rm=38;5;13:*.rmvb=38;5;13:*.flc=38;5;13:*.avi=38;5;13:*.fli=38;5;13:*.flv=38;5;13:*.gl=38;5;13:*.dl=38;5;13:*.xcf=38;5;13:*.xwd=38;5;13:*.yuv=38;5;13:*.cgm=38;5;13:*.emf=38;5;13:*.axv=38;5;13:*.anx=38;5;13:*.ogv=38;5;13:*.ogx=38;5;13:*.aac=38;5;45:*.au=38;5;45:*.flac=38;5;45:*.mid=38;5;45:*.midi=38;5;45:*.mka=38;5;45:*.mp3=38;5;45:*.mpc=38;5;45:*.ogg=38;5;45:*.ra=38;5;45:*.wav=38;5;45:*.axa=38;5;45:*.oga=38;5;45:*.spx=38;5;45:*.xspf=38;5;45
GNOME_TERMINAL_SERVICE=:1.95
XILINX_ENABLE_AWS_WHITELIST=095707098027
RDI_PATCHROOT=
TCL_LIBRARY=/opt/Xilinx/Vitis/2021.1/tps/tcl/tcl8.5
OXYGEN_DISABLE_INNER_SHADOWS_HACK=1
SSH_AUTH_SOCK=/tmp/ssh-mW8c8L5Q9q0E/agent.4574
AWS_PLATFORM=/home/centos/aws-fpga/Vitis/aws_platform/xilinx_aws-vu9p-f1_shell-v04261818_201920_2/xilinx_aws-vu9p-f1_shell-v04261818_201920_2.xpfm
RDI_PLATFORM=lnx64
MAKELEVEL=1
SESSION_MANAGER=local/unix:@/tmp/.ICE-unix/4574,unix/unix:/tmp/.ICE-unix/4574
MFLAGS=
XRDP_PULSE_SINK_SOCKET=xrdp_chansrv_audio_out_socket_10
RDI_BUILD=yes
RT_LIBPATH=/opt/Xilinx/Vitis/2021.1/scripts/rt/data
PULSE_SCRIPT=/etc/xrdp/pulse/default.pa
RDI_LIBDIR=/opt/Xilinx/Vitis/2021.1/lib/lnx64.o/Default:/opt/Xilinx/Vitis/2021.1/lib/lnx64.o
GNOME_SHELL_SESSION_MODE=classic
RDI_USE_JDK11=1
MAIL=/var/spool/mail/centos
PATH=/opt/Xilinx/Vivado/2021.1/tps/lnx64/binutils-2.26/bin:/opt/Xilinx/Vitis/2021.1/bin/../gnu/aarch64/lin/aarch64-linux/bin:/opt/Xilinx/Vitis/2021.1/bin/../gnu/ppc64le/4.9.3/lnx64/bin:/opt/Xilinx/Vitis/2021.1/bin/../gnu/aarch32/lin/gcc-arm-linux-gnueabi/bin:/opt/Xilinx/Vivado/2021.1/tps/lnx64/gcc-6.2.0/bin:/opt/Xilinx/Vivado/2021.1/gnu/microblaze/lin/bin:/opt/Xilinx/Vitis/2021.1/bin:/opt/Xilinx/Vitis/2021.1/tps/lnx64/jre11.0.2/bin:/opt/Xilinx/Vitis/2021.1/gnu/microblaze/lin/bin:/opt/Xilinx/Vitis/2021.1/gnu/microblaze/linux_toolchain/lin64_le/bin:/opt/Xilinx/Vitis/2021.1/gnu/microblaze/linux_toolchain/lin64_be/bin:/opt/Xilinx/Vitis/2021.1/gnu/arm/lin/bin:/opt/Xilinx/Vitis/2021.1/gnu/aarch64/lin/aarch64-none/bin:/opt/Xilinx/Vitis/2021.1/gnu/aarch64/lin/aarch64-linux/bin:/opt/Xilinx/Vitis/2021.1/gnu/armr5/lin/gcc-arm-none-eabi/bin:/opt/Xilinx/Vitis/2021.1/gnu/aarch32/lin/gcc-arm-none-eabi/bin:/opt/Xilinx/Vitis/2021.1/gnu/aarch32/lin/gcc-arm-linux-gnueabi/bin:/opt/Xilinx/Vitis/2021.1/tps/lnx64/cmake-3.3.2/bin::/opt/Xilinx/Vitis/2021.1/aietools/bin:/opt/Xilinx/Vivado/2021.1/bin:/opt/xilinx/xrt/bin:/home/centos/aws-fpga/shared/bin/scripts:/opt/Xilinx/DocNav:/opt/Xilinx/Vitis_HLS/2021.1/bin:/sbin:/bin:/usr/bin:/usr/local/bin:/usr/local/sbin:/usr/sbin:/srv/git/centos-git-common:/home/centos/.local/bin:/home/centos/bin
RELEASE_VER=2021.1
XILINX_VITIS=/opt/Xilinx/Vitis/2021.1
FREETYPE_PROPERTIES=truetype:interpreter-version=35
HDK_DIR=/home/centos/aws-fpga/hdk
QT_IM_MODULE=ibus
SDK_DIR=/home/centos/aws-fpga/sdk
XILINX_XRT=/opt/xilinx/xrt
PWD=/home/centos/workspace/project_system_hw_link/Emulation-SW
_LMFILES_=/usr/share/Modules/modulefiles/vitis
XMODIFIERS=@im=ibus
XIL_CHECK_TCL_DEBUG=False
XRDP_SESSION=1
SDACCEL_DIR=/home/centos/aws-fpga/SDAccel
LANG=en_US.UTF-8
XILINX_VIVADO_HLS=/opt/Xilinx/Vivado/2021.1
XRDP_PULSE_SOURCE_SOCKET=xrdp_chansrv_audio_in_socket_10
HDI_APPROOT=/opt/Xilinx/Vitis/2021.1
MODULEPATH=/usr/share/Modules/modulefiles:/etc/modulefiles
HDK_COMMON_DIR=/home/centos/aws-fpga/hdk/common
LOADEDMODULES=vitis
PYTHONHOME=/opt/Xilinx/Vitis/2021.1/tps/lnx64/python-3.8.3/
AWS_PLATFORM_201920_2=/home/centos/aws-fpga/Vitis/aws_platform/xilinx_aws-vu9p-f1_shell-v04261818_201920_2/xilinx_aws-vu9p-f1_shell-v04261818_201920_2.xpfm
XILINX_HLS=/opt/Xilinx/Vitis_HLS/2021.1
VITIS_DIR=/home/centos/aws-fpga/Vitis
XILINX_VIVADO=/opt/Xilinx/Vivado/2021.1
XILINX_SDK=/opt/Xilinx/Vitis/2021.1
HISTCONTROL=ignoredups
ISL_IOSTREAMS_RSA=/opt/Xilinx/Vitis/2021.1/tps/isl
SHLVL=8
HOME=/home/centos
VIVADO_TOOL_VERSION=2021.1
RDI_BASEROOT=/opt/Xilinx/Vitis
GDK_CORE_DEVICE_EVENTS=1
CWD=/home/centos/workspace/project_system_hw_link/Emulation-SW
LANGUAGE=en_US:en
RDI_APPROOT=/opt/Xilinx/Vitis/2021.1
PYTHONPATH=/opt/Xilinx/Vitis/2021.1/tps/lnx64/python-3.8.3/lib/python3.8/lib-dynload/:/opt/Xilinx/Vitis/2021.1/tps/lnx64/python-3.8.3/lib/python3.8/
LOGNAME=centos
RDI_JAVA_PLATFORM=
DBUS_SESSION_BUS_ADDRESS=unix:abstract=/tmp/dbus-Xhe1HxgUX7,guid=255aaad128ca2db3934d21f361f39f07
PLATFORM_REPO_PATHS=/home/centos/aws-fpga/Vitis/aws_platform/xilinx_aws-vu9p-f1_shell-v04261818_201920_2/
RDI_BINROOT=/opt/Xilinx/Vitis/2021.1/bin
XDG_DATA_DIRS=/home/centos/.local/share/flatpak/exports/share:/var/lib/flatpak/exports/share:/usr/local/share:/usr/share
UID=1000
MODULESHOME=/usr/share/Modules
VIVADO_TOOL_VER=2021.1
LESSOPEN=||/usr/bin/lesspipe.sh %s
RDI_PROG=/opt/Xilinx/Vitis/2021.1/bin/unwrapped/lnx64.o/v++
XIL_NO_OVERRIDE=0
DISPLAY=:10.0
XDG_RUNTIME_DIR=/run/user/1000
XIL_SUPPRESS_OVERRIDE_WARNINGS=1
AWS_FPGA_REPO_DIR=/home/centos/aws-fpga
XILINX_PLANAHEAD=/opt/Xilinx/Vitis/2021.1
XDG_CURRENT_DESKTOP=GNOME
HDIPRELDPATH=/opt/Xilinx/Vitis/2021.1/lib/lnx64.o/Default:/opt/Xilinx/Vitis/2021.1/lib/lnx64.o:/opt/Xilinx/Vitis/2021.1/tps/lnx64/javafx-sdk-11.0.2/lib:/opt/Xilinx/Vitis/2021.1/lib/lnx64.o/Default:/opt/Xilinx/Vitis/2021.1/lib/lnx64.o:/opt/Xilinx/Vitis/2021.1/tps/lnx64/jre11.0.2/lib/:/opt/Xilinx/Vitis/2021.1/tps/lnx64/jre11.0.2/lib//server:/opt/Xilinx/Vitis/2021.1/lib/lnx64.o:/opt/Xilinx/Vitis/2021.1/lib/lnx64.o/Default:/opt/Xilinx/Vitis/2021.1/lib/lnx64.o:/opt/Xilinx/Vitis/2021.1/tps/lnx64/python-3.8.3/lib:/opt/Xilinx/Vitis/2021.1/aietools/lib/lnx64.o:/opt/xilinx/xrt/lib:/opt/xilinx/xrt/lib:/opt/xilinx/xrt/lib:/opt/xilinx/xrt/lib::/opt/Xilinx/Vitis/2021.1/bin/../lnx64/tools/dot/lib:/opt/Xilinx/Vitis/2021.1/bin/../lnx64/tools/dot/lib
RDI_INSTALLVER=2021.1
XILINX_RS_PORT=35123
COLORTERM=truecolor
RDI_INSTALLROOT=/opt/Xilinx
RDI_DATADIR=/opt/Xilinx/Vitis/2021.1/data
BASH_FUNC_allow_non_root()=() {  [ ! -z ${AWS_FPGA_ALLOW_NON_ROOT} ]
}
BASH_FUNC_module()=() {  eval `/usr/bin/modulecmd bash $*`
}
_=/opt/Xilinx/Vitis/2021.1/bin/unwrapped/lnx64.o/v++
XILINX_CD_CONNECT_ID=37904
XILINX_CD_SESSION=48d0d3bd-9bec-4dfd-b50e-7ec8dabef8de


V++ command line:
------------------------------------------
/opt/Xilinx/Vitis/2021.1/bin/unwrapped/lnx64.o/v++ --target sw_emu --link --config krnl_mean_shift-link.cfg -okrnl_mean_shift.xclbin ../../project_kernels/Emulation-SW/build/mean_shift_accel.xo 

FINAL PROGRAM OPTIONS
--advanced.misc solution_name=link
--config krnl_mean_shift-link.cfg
--connectivity.nk mean_shift_accel:1:mean_shift_accel_1
--debug
--input_files ../../project_kernels/Emulation-SW/build/mean_shift_accel.xo
--link
--log_dir krnl_mean_shift.build/logs
--messageDb krnl_mean_shift.mdb
--optimize 0
--output krnl_mean_shift.xclbin
--platform /home/centos/aws-fpga/Vitis/aws_platform/xilinx_aws-vu9p-f1_shell-v04261818_201920_2/xilinx_aws-vu9p-f1_shell-v04261818_201920_2.xpfm
--report_dir krnl_mean_shift.build/reports
--report_level 0
--save-temps
--target sw_emu
--temp_dir krnl_mean_shift.build

PARSED COMMAND LINE OPTIONS
--target sw_emu 
--link 
--config krnl_mean_shift-link.cfg 
-okrnl_mean_shift.xclbin 
../../project_kernels/Emulation-SW/build/mean_shift_accel.xo 

PARSED CONFIG FILE (1) OPTIONS
file: krnl_mean_shift-link.cfg
platform /home/centos/aws-fpga/Vitis/aws_platform/xilinx_aws-vu9p-f1_shell-v04261818_201920_2/xilinx_aws-vu9p-f1_shell-v04261818_201920_2.xpfm 
save-temps 1 
debug 1 
messageDb krnl_mean_shift.mdb 
temp_dir krnl_mean_shift.build 
report_dir krnl_mean_shift.build/reports 
log_dir krnl_mean_shift.build/logs 
advanced.misc solution_name=link 
connectivity.nk mean_shift_accel:1:mean_shift_accel_1 

EXPANDED PARAMETERS
From application of optMap.xml: 
 --vivado.prop "run.__KERNEL__.{STEPS.SYNTH_DESIGN.ARGS.MORE OPTIONS}={-directive sdx_optimization_effort_high}" --advanced.misc "report=type report_timing_summary name impl_report_timing_summary_route_design_summary steps {route_design} runs {impl_1} options {-max_paths 10}" --advanced.misc "report=type report_timing_summary name impl_report_timing_summary_post_route_phys_opt_design_summary steps {post_route_phys_opt_design} runs {impl_1} options {-max_paths 10}"

HARDWARE PLATFORM PARAMETERS
--xp param:compiler.lockFlowCritSlackThreshold=0 --xp vivado_param:hd.routingContainmentAreaExpansion=true --xp vivado_param:hd.supportClockNetCrossDiffReconfigurablePartitions=1 --xp vivado_param:bitstream.enablePR=4123 --xp vivado_param:physynth.ultraRAMOptOutput=false --xp vivado_prop:run.__KERNEL__.{STEPS.SYNTH_DESIGN.ARGS.MAX_URAM_CASCADE_HEIGHT}={1} --xp vivado_param:synth.elaboration.rodinMoreOptions={rt::set_parameter disableOregPackingUram true} 

FINAL PLATFORM PATH
/home/centos/aws-fpga/Vitis/aws_platform/xilinx_aws-vu9p-f1_shell-v04261818_201920_2/xilinx_aws-vu9p-f1_shell-v04261818_201920_2.xpfm

==========================================
new:  steps log generated by v++ for new launch 
timestamp: 28 Jan 2022 14:41:45
------------------------------------------
V++ internal step: generating xclbin xml file
timestamp: 28 Jan 2022 14:41:45
output: /home/centos/workspace/project_system_hw_link/Emulation-SW/krnl_mean_shift.build/link/int/krnl_mean_shift.xml
------------------------------------------
V++ internal step: running regiongen
timestamp: 28 Jan 2022 14:41:45
launch dir: /home/centos/workspace/project_system_hw_link/Emulation-SW/krnl_mean_shift.build/link/int
cmd: /opt/Xilinx/Vitis/2021.1/bin/../runtime/bin/regiongen_new -v -m /home/centos/workspace/project_system_hw_link/Emulation-SW/krnl_mean_shift.build/link/int/krnl_mean_shift.xml -t alg -o xcl_top
V++ internal step status: success
------------------------------------------
V++ internal step: running gcc to generate obj files for kernel source
timestamp: 28 Jan 2022 14:41:47
launch dir: /home/centos/workspace/project_system_hw_link/Emulation-SW/krnl_mean_shift.build/link/int/mean_shift_accel
cmd: /opt/Xilinx/Vivado/2021.1/tps/lnx64/gcc-6.2.0/bin/gcc -I . -I /opt/Xilinx/Vitis_HLS/2021.1/bin/../include -I /opt/Xilinx/Vitis_HLS/2021.1/bin/../lnx64/tools/auto_cc/include -I /opt/Xilinx/Vitis_HLS/2021.1/bin/../common/technology/autopilot/opencl -I /opt/Xilinx/Vitis/2021.1/bin/../common/technology/autopilot/opencl -std=c++14 -g -D __SDA_MEM_MAP__ -I /home/centos/workspace/project_kernels/src -I /home/centos/workspace/project_kernels/libs/xf_opencv/L1/include -I /home/centos/workspace/project_kernels/src/build -g -fPIC -g -c -DHLS_STREAM_THREAD_SAFE -MD -MT obj/xf_mean_shift_accel.o -MP -MF obj/xf_mean_shift_accel.Cd /home/centos/workspace/project_system_hw_link/Emulation-SW/krnl_mean_shift.build/link/int/xo/mean_shift_accel/mean_shift_accel/cpu_sources/xf_mean_shift_accel.cpp -o obj/xf_mean_shift_accel.o
V++ internal step status: success
------------------------------------------
V++ internal step: running ar to generate .csim_cu.a
timestamp: 28 Jan 2022 14:41:50
launch dir: /home/centos/workspace/project_system_hw_link/Emulation-SW/krnl_mean_shift.build/link/int/mean_shift_accel
cmd: /opt/Xilinx/Vivado/2021.1/tps/lnx64/binutils-2.26/bin/ar -cr /home/centos/workspace/project_system_hw_link/Emulation-SW/krnl_mean_shift.build/link/int/mean_shift_accel/mean_shift_accel.csim_cu.a /home/centos/workspace/project_system_hw_link/Emulation-SW/krnl_mean_shift.build/link/int/mean_shift_accel/obj/xf_mean_shift_accel.o
V++ internal step status: success
------------------------------------------
V++ internal step: compiling xcl_top.cpp to obj/xcl_top.o
timestamp: 28 Jan 2022 14:41:50
launch dir: /home/centos/workspace/project_system_hw_link/Emulation-SW/krnl_mean_shift.build/link/int
cmd: /opt/Xilinx/Vivado/2021.1/tps/lnx64/gcc-6.2.0/bin/g++ -I . -I /opt/Xilinx/Vitis_HLS/2021.1/bin/../include -I /opt/Xilinx/Vitis_HLS/2021.1/bin/../common/technology/autopilot/opencl -I /opt/Xilinx/Vitis/2021.1/bin/../common/technology/autopilot/opencl -I /opt/Xilinx/Vitis/2021.1/bin/../data/emulation/include -I /opt/Xilinx/Vitis_HLS/2021.1/bin/../lnx64/tools/auto_cc/include -fPIC -g -DHLS_STREAM_THREAD_SAFE -std=c++14 -fpermissive -c -MD -MT obj/xcl_top.o -MP -MF obj/xcl_top.CXXd xcl_top.cpp -o obj/xcl_top.o
V++ internal step status: success
------------------------------------------
V++ internal step: running g++ to generate .so
timestamp: 28 Jan 2022 14:41:52
launch dir: /home/centos/workspace/project_system_hw_link/Emulation-SW/krnl_mean_shift.build/link/int
cmd: /opt/Xilinx/Vivado/2021.1/tps/lnx64/gcc-6.2.0/bin/g++ -fPIC -DHLS_STREAM_THREAD_SAFE -std=c++14 -Wall -shared -Wl,--whole-archive,-soname,krnl_mean_shift.so -o krnl_mean_shift.so mean_shift_accel/mean_shift_accel.csim_cu.a obj/xcl_top.o -Wl,--no-whole-archive -Wl,--as-needed -L /opt/Xilinx/Vitis_HLS/2021.1/bin/../lib/lnx64.o -lhlsmathsim -L /opt/Xilinx/Vitis_HLS/2021.1/bin/../lnx64/tools/fpo_v7_0 -lgmp -lmpfr -lIp_floating_point_v7_0_bitacc_cmodel -Wl,-rpath,/opt/Xilinx/Vitis_HLS/2021.1/bin/../lnx64/tools/fpo_v7_0 -L /opt/Xilinx/Vitis_HLS/2021.1/bin/../lnx64/tools/fft_v9_1 -lIp_xfft_v9_1_bitacc_cmodel -L /opt/Xilinx/Vitis_HLS/2021.1/bin/../lnx64/tools/fir_v7_0 -lgmp -lIp_fir_compiler_v7_2_bitacc_cmodel -L /opt/Xilinx/Vitis_HLS/2021.1/bin/../lnx64/lib/csim -lhlsmc++-GCC46 -L /opt/Xilinx/Vivado/2021.1/tps/lnx64/gcc-6.2.0/bin/../lib/gcc/x86_64-pc-linux-gnu/6.2.0/ -lgcov
V++ internal step status: success
------------------------------------------
V++ internal step: running xclbinutil to generate xclbin
timestamp: 28 Jan 2022 14:41:52
launch dir: /home/centos/workspace/project_system_hw_link/Emulation-SW/krnl_mean_shift.build/link/int
cmd: /opt/Xilinx/Vitis/2021.1/bin/xclbinutil --add-section BITSTREAM:RAW:/home/centos/workspace/project_system_hw_link/Emulation-SW/krnl_mean_shift.build/link/int/krnl_mean_shift.so --force --target sw_emu --add-section :JSON:/home/centos/workspace/project_system_hw_link/Emulation-SW/krnl_mean_shift.build/link/int/krnl_mean_shift.rtd --append-section :JSON:/home/centos/workspace/project_system_hw_link/Emulation-SW/krnl_mean_shift.build/link/int/appendSection.rtd --add-section CLOCK_FREQ_TOPOLOGY:JSON:/home/centos/workspace/project_system_hw_link/Emulation-SW/krnl_mean_shift.build/link/int/krnl_mean_shift_xml.rtd --add-section BUILD_METADATA:JSON:/home/centos/workspace/project_system_hw_link/Emulation-SW/krnl_mean_shift.build/link/int/krnl_mean_shift_build.rtd --add-section EMBEDDED_METADATA:RAW:/home/centos/workspace/project_system_hw_link/Emulation-SW/krnl_mean_shift.build/link/int/krnl_mean_shift.xml --add-section DEBUG_DATA:RAW:/dev/null --output /home/centos/workspace/project_system_hw_link/Emulation-SW/krnl_mean_shift.xclbin
V++ internal step status: success
------------------------------------------
V++ internal step: running xclbinutil to generate xclbin info
timestamp: 28 Jan 2022 14:41:52
launch dir: /home/centos/workspace/project_system_hw_link/Emulation-SW/krnl_mean_shift.build/link/int
cmd: /opt/Xilinx/Vitis/2021.1/bin/xclbinutil --quiet --info --input /home/centos/workspace/project_system_hw_link/Emulation-SW/krnl_mean_shift.xclbin
V++ internal step status: success
------------------------------------------
sw emulation completed
timestamp: 28 Jan 2022 14:41:52
------------------------------------------
V++ internal step: generating system estimate report file
timestamp: 28 Jan 2022 14:41:52
output: /home/centos/workspace/project_system_hw_link/Emulation-SW/krnl_mean_shift.build/reports/link/system_estimate_krnl_mean_shift.xtxt
V++ internal step status: success
------------------------------------------
system estimate report task completed
timestamp: 28 Jan 2022 14:41:52
