Fri Jan 28 13:47:43 2022: Running xcd server. This server was built by gradle.
Fri Jan 28 13:47:43 2022: Server was asked to start on port: '44323'
Fri Jan 28 13:47:43 2022: Server is using token UUID: 'ab7a0134-3741-4be2-8f5c-9978f7a6bf6d'
Fri Jan 28 13:47:43 2022: SESSION_MGR: creating session with session uuid: '6d04a3e9-ade5-4ab9-8d63-1f78fcd2ec76' and name 'default'
Fri Jan 28 13:47:43 2022: Attempting to start server on port '44323'
Fri Jan 28 13:47:43 2022: XCD main fifo: created main fifo '/tmp/xcdmainab7a0134-3741-4be2-8f5c-9978f7a6bf6d', fd read = 14
Fri Jan 28 13:47:43 2022: Running Dispatch Server
Fri Jan 28 13:47:43 2022: Version 2.2.0
Fri Jan 28 13:47:51 2022: Dispatch Server: Accepted socket connection from client
Fri Jan 28 13:47:51 2022: Starting Socket connection
Fri Jan 28 13:47:51 2022: EXCHANGE_TOKEN received, server token: ab7a0134-3741-4be2-8f5c-9978f7a6bf6d, passed token: ab7a0134-3741-4be2-8f5c-9978f7a6bf6d
Fri Jan 28 13:47:52 2022: DISPATCH_HANDLER: Adding handler from function makeHandler in library libxv_system_diagram
Fri Jan 28 13:47:52 2022: SESSION_MGR: creating session with session uuid: '44fe3697-a7d7-4e03-b4b0-670e90fe9209' and name 'mean_shift_accel'
Fri Jan 28 13:47:52 2022: KERNEL_SVC: creating session with uuid: '44fe3697-a7d7-4e03-b4b0-670e90fe9209' and name 'mean_shift_accel'
Fri Jan 28 13:47:52 2022: GUIDANCE_SMGR: creating guidance session with uuid: '44fe3697-a7d7-4e03-b4b0-670e90fe9209' and name 'mean_shift_accel'
Fri Jan 28 13:47:52 2022: SYSTEM_DIAGRAM_SMGR: creating diagram session with uuid: '44fe3697-a7d7-4e03-b4b0-670e90fe9209' and name 'mean_shift_accel'
Fri Jan 28 13:48:04 2022: SESSION_MGR: closing session for UUID '44fe3697-a7d7-4e03-b4b0-670e90fe9209' with name 'mean_shift_accel'
Fri Jan 28 13:48:04 2022: KERNEL_SVC: closing session for UUID '44fe3697-a7d7-4e03-b4b0-670e90fe9209' with name 'mean_shift_accel'
Fri Jan 28 13:48:04 2022: GUIDANCE_SMGR: closing session for UUID '44fe3697-a7d7-4e03-b4b0-670e90fe9209' with name 'mean_shift_accel'
Fri Jan 28 13:48:04 2022: SYSTEM_DIAGRAM_SMGR: closing session for UUID '44fe3697-a7d7-4e03-b4b0-670e90fe9209' with name 'mean_shift_accel'
