==============================================================
Vitis HLS - High-Level Synthesis from C, C++ and OpenCL v2021.1 (64-bit)
Copyright 1986-2021 Xilinx, Inc. All Rights Reserved.
==============================================================
INFO: [HLS 200-1505] Using flow_target 'vitis'
INFO: [HLS 200-435] Setting 'open_solution -flow_target vitis' configuration: config_interface -m_axi_latency=64
INFO: [HLS 200-435] Setting 'open_solution -flow_target vitis' configuration: config_interface -m_axi_alignment_byte_size=64
INFO: [HLS 200-435] Setting 'open_solution -flow_target vitis' configuration: config_interface -m_axi_max_widen_bitwidth=512
INFO: [HLS 200-435] Setting 'open_solution -flow_target vitis' configuration: config_rtl -register_reset_num=3
INFO: [HLS 200-1510] Running: set_part xcvu9p-flgb2104-2-i 
INFO: [HLS 200-1611] Setting target device to 'xcvu9p-flgb2104-2-i'
INFO: [HLS 200-1510] Running: create_clock -period 250.000000MHz -name default 
INFO: [SYN 201-201] Setting up clock 'default' with a period of 4ns.
INFO: [HLS 200-1510] Running: config_rtl -kernel_profile 
INFO: [HLS 200-1510] Running: config_dataflow -strict_mode warning 
INFO: [HLS 200-1510] Running: config_debug -enable 
INFO: [HLS 200-1510] Running: config_export -disable_deadlock_detection=true 
INFO: [HLS 200-1510] Running: config_rtl -m_axi_conservative_mode=1 
WARNING: [HLS 200-483] The 'config_rtl -m_axi_conservative_mode' command is deprecated and will be removed in a future release. Use 'config_interface -m_axi_conservative_mode' as its replacement.
INFO: [HLS 200-1510] Running: config_interface -m_axi_addr64 
INFO: [HLS 200-1510] Running: config_interface -m_axi_auto_max_ports=0 
INFO: [HLS 200-1510] Running: config_export -format ip_catalog -ipname mean_shift_accel 
INFO: [HLS 200-1510] Running: csynth_design -synthesis_check 
INFO: [HLS 200-111] Finished File checks and directory preparation: CPU user time: 0.01 seconds. CPU system time: 0 seconds. Elapsed time: 0 seconds; current allocated memory: 108.756 MB.
INFO: [HLS 200-10] Analyzing design file '/home/centos/workspace/project_kernels/src/xf_mean_shift_accel.cpp' ... 
WARNING: [HLS 207-910] 'INPUT_PTR_WIDTH' macro redefined: /home/centos/workspace/project_kernels/src/../../project/src/../../project/src/build/xf_mean_shift_config_params.h:17:9
INFO: [HLS 207-71] previous definition is here: /home/centos/workspace/project_kernels/src/../../project/src/xf_cvt_color_config.h:33:9
WARNING: [HLS 207-5528] Ignore interface attribute or pragma which is not used in top function: /home/centos/workspace/project_kernels/src/xf_mean_shift_accel.cpp:48:9
WARNING: [HLS 207-5301] unused parameter 'print': /opt/Xilinx/Vitis_HLS/2021.1/common/technology/autopilot/ap_int_base.h:792:16
WARNING: [HLS 207-5301] unused parameter 'src': /home/centos/workspace/project_kernels/libs/xf_opencv/L1/include/common/xf_structs.hpp:506:30
WARNING: [HLS 207-5301] unused parameter '_data': /home/centos/workspace/project_kernels/libs/xf_opencv/L1/include/common/xf_structs.hpp:517:30
WARNING: [HLS 207-5301] unused parameter 'index': /home/centos/workspace/project_kernels/libs/xf_opencv/L1/include/common/xf_structs.hpp:530:14
WARNING: [HLS 207-5301] unused parameter 'index': /home/centos/workspace/project_kernels/libs/xf_opencv/L1/include/common/xf_structs.hpp:541:20
WARNING: [HLS 207-5301] unused parameter 'dst': /home/centos/workspace/project_kernels/libs/xf_opencv/L1/include/common/xf_structs.hpp:773:101
WARNING: [HLS 207-5301] unused parameter 'index': /home/centos/workspace/project_kernels/libs/xf_opencv/L1/include/common/xf_structs.hpp:1165:102
WARNING: [HLS 207-5301] unused parameter 'index': /home/centos/workspace/project_kernels/libs/xf_opencv/L1/include/common/xf_structs.hpp:1471:34
WARNING: [HLS 207-4610] the argument to '__builtin_assume' has side effects that will be discarded: /home/centos/workspace/project_kernels/libs/xf_opencv/L1/include/imgproc/xf_rgb2hsv.hpp:151:43
WARNING: [HLS 207-4610] the argument to '__builtin_assume' has side effects that will be discarded: /home/centos/workspace/project_kernels/libs/xf_opencv/L1/include/imgproc/xf_rgb2hsv.hpp:152:43
WARNING: [HLS 207-4610] the argument to '__builtin_assume' has side effects that will be discarded: /home/centos/workspace/project_kernels/libs/xf_opencv/L1/include/imgproc/xf_rgb2hsv.hpp:153:46
WARNING: [HLS 207-4610] the argument to '__builtin_assume' has side effects that will be discarded: /home/centos/workspace/project_kernels/libs/xf_opencv/L1/include/imgproc/xf_rgb2hsv.hpp:154:46
WARNING: [HLS 207-5301] unused parameter 'y1': /home/centos/workspace/project_kernels/libs/xf_opencv/L1/include/imgproc/xf_mean_shift_kernel.hpp:194:30
WARNING: [HLS 207-4610] the argument to '__builtin_assume' has side effects that will be discarded: /home/centos/workspace/project_kernels/libs/xf_opencv/L1/include/imgproc/xf_rgb2hsv.hpp:151:43
INFO: [HLS 207-4230] in instantiation of function template specialization 'xf::cv::rgb2hsv<9, 550, 598, 1>' requested here: /home/centos/workspace/project_kernels/src/xf_mean_shift_accel.cpp:54:13
WARNING: [HLS 207-4610] the argument to '__builtin_assume' has side effects that will be discarded: /home/centos/workspace/project_kernels/libs/xf_opencv/L1/include/imgproc/xf_rgb2hsv.hpp:152:43
WARNING: [HLS 207-4610] the argument to '__builtin_assume' has side effects that will be discarded: /home/centos/workspace/project_kernels/libs/xf_opencv/L1/include/imgproc/xf_rgb2hsv.hpp:153:46
WARNING: [HLS 207-4610] the argument to '__builtin_assume' has side effects that will be discarded: /home/centos/workspace/project_kernels/libs/xf_opencv/L1/include/imgproc/xf_rgb2hsv.hpp:154:46
INFO: [HLS 200-111] Finished Source Code Analysis and Preprocessing: CPU user time: 10.13 seconds. CPU system time: 0.62 seconds. Elapsed time: 8.97 seconds; current allocated memory: 110.149 MB.
INFO: [HLS 200-777] Using interface defaults for 'Vitis' flow target.
INFO: [HLS 214-279] Initial Interval estimation mode is set into default.
INFO: [HLS 214-284] Auto array partition mode is set into default.
INFO: [HLS 214-131] Inlining function 'xf::cv::Mat<9, 550, 598, 1, -1>::init(int, int, bool)' into 'void xf::cv::Mat<9, 550, 598, 1, -1>::init<-1, (void*)0>(int, int, void*)' (/home/centos/workspace/project_kernels/libs/xf_opencv/L1/include/common/xf_structs.hpp:554:9)
INFO: [HLS 214-131] Inlining function 'xf::cv::Mat<9, 550, 598, 1, -1>::init(int, int, bool)' into 'xf::cv::Mat<9, 550, 598, 1, -1>::Mat()' (/home/centos/workspace/project_kernels/libs/xf_opencv/L1/include/common/xf_structs.hpp:645:2)
INFO: [HLS 214-131] Inlining function 'hls::stream<ap_uint<24>, 0>::write(ap_uint<24> const&)' into 'void xFTrackmulBlkReadIn<550, 598, 598, 9, 550, 598, 1>(DataType<9, 1>::name*, xf::cv::Mat<9, 550, 598, 1, -1>&, int, hls::stream<DataType<9, 1>::name, 0>&, int, int, unsigned short)' (/home/centos/workspace/project_kernels/libs/xf_opencv/L1/include/imgproc/xf_mean_shift_kernel.hpp:89:16)
INFO: [HLS 214-131] Inlining function 'void xFTrackmulBlkReadIn<550, 598, 598, 9, 550, 598, 1>(DataType<9, 1>::name*, xf::cv::Mat<9, 550, 598, 1, -1>&, int, hls::stream<DataType<9, 1>::name, 0>&, int, int, unsigned short)' into 'void xFTrackmulBlkRead<550, 598, 598, 9, 550, 598, 1>(hls::stream<DataType<9, 1>::name, 0>&, xf::cv::Mat<9, 550, 598, 1, -1>&, unsigned short, unsigned short, unsigned short, unsigned short)' (/home/centos/workspace/project_kernels/libs/xf_opencv/L1/include/imgproc/xf_mean_shift_kernel.hpp:124:2)
INFO: [HLS 214-131] Inlining function 'hls::stream<ap_uint<24>, 0>::read(ap_uint<24>&)' into 'hls::stream<ap_uint<24>, 0>::read()' (/opt/Xilinx/Vitis_HLS/2021.1/common/technology/autopilot/hls_stream_39.h:156:9)
INFO: [HLS 214-131] Inlining function 'hls::stream<ap_uint<24>, 0>::read()' into 'void xFTrackmulHist<550, 299, 598, 1, 9, unsigned int, unsigned short>(hls::stream<StreamType<9>::name, 0>&, unsigned short, unsigned short, unsigned short, unsigned short, unsigned int*, unsigned int*, unsigned short*, unsigned char)' (/home/centos/workspace/project_kernels/libs/xf_opencv/L1/include/imgproc/xf_mean_shift_kernel.hpp:245:52)
INFO: [HLS 214-131] Inlining function 'hls::stream<ap_uint<24>, 0>::read()' into 'void xFTrackmulHist<550, 299, 598, 1, 9, unsigned int, unsigned short>(hls::stream<StreamType<9>::name, 0>&, unsigned short, unsigned short, unsigned short, unsigned short, unsigned int*, unsigned int*, unsigned short*, unsigned char)' (/home/centos/workspace/project_kernels/libs/xf_opencv/L1/include/imgproc/xf_mean_shift_kernel.hpp:246:63)
