Fri Jan 28 14:37:59 2022: Running xcd server. This server was built by gradle.
Fri Jan 28 14:37:59 2022: Server was asked to start on port: '35925'
Fri Jan 28 14:37:59 2022: Server is using token UUID: 'e739927e-d341-4da1-b9d1-941c4d988ac8'
Fri Jan 28 14:37:59 2022: SESSION_MGR: creating session with session uuid: '6d04a3e9-ade5-4ab9-8d63-1f78fcd2ec76' and name 'default'
Fri Jan 28 14:37:59 2022: Attempting to start server on port '35925'
Fri Jan 28 14:37:59 2022: XCD main fifo: created main fifo '/tmp/xcdmaine739927e-d341-4da1-b9d1-941c4d988ac8', fd read = 14
Fri Jan 28 14:37:59 2022: Running Dispatch Server
Fri Jan 28 14:37:59 2022: Version 2.2.0
Fri Jan 28 14:38:07 2022: Dispatch Server: Accepted socket connection from client
Fri Jan 28 14:38:07 2022: Starting Socket connection
Fri Jan 28 14:38:07 2022: EXCHANGE_TOKEN received, server token: e739927e-d341-4da1-b9d1-941c4d988ac8, passed token: e739927e-d341-4da1-b9d1-941c4d988ac8
Fri Jan 28 14:38:08 2022: DISPATCH_HANDLER: Adding handler from function makeHandler in library libxv_system_diagram
Fri Jan 28 14:38:08 2022: SESSION_MGR: creating session with session uuid: 'a518ad6b-3742-48b7-8d78-a0d0aaee65a7' and name 'mean_shift_accel'
Fri Jan 28 14:38:08 2022: KERNEL_SVC: creating session with uuid: 'a518ad6b-3742-48b7-8d78-a0d0aaee65a7' and name 'mean_shift_accel'
Fri Jan 28 14:38:08 2022: GUIDANCE_SMGR: creating guidance session with uuid: 'a518ad6b-3742-48b7-8d78-a0d0aaee65a7' and name 'mean_shift_accel'
Fri Jan 28 14:38:08 2022: SYSTEM_DIAGRAM_SMGR: creating diagram session with uuid: 'a518ad6b-3742-48b7-8d78-a0d0aaee65a7' and name 'mean_shift_accel'
Fri Jan 28 14:38:32 2022: SESSION_MGR: closing session for UUID 'a518ad6b-3742-48b7-8d78-a0d0aaee65a7' with name 'mean_shift_accel'
Fri Jan 28 14:38:32 2022: KERNEL_SVC: closing session for UUID 'a518ad6b-3742-48b7-8d78-a0d0aaee65a7' with name 'mean_shift_accel'
Fri Jan 28 14:38:32 2022: GUIDANCE_SMGR: closing session for UUID 'a518ad6b-3742-48b7-8d78-a0d0aaee65a7' with name 'mean_shift_accel'
Fri Jan 28 14:38:32 2022: SYSTEM_DIAGRAM_SMGR: closing session for UUID 'a518ad6b-3742-48b7-8d78-a0d0aaee65a7' with name 'mean_shift_accel'
