Fri Jan 28 14:41:30 2022: Running xcd server. This server was built by gradle.
Fri Jan 28 14:41:30 2022: Server was asked to start on port: '37904'
Fri Jan 28 14:41:30 2022: Server is using token UUID: '953786a2-a812-4b16-b6ea-5320ca22fc92'
Fri Jan 28 14:41:30 2022: SESSION_MGR: creating session with session uuid: '6d04a3e9-ade5-4ab9-8d63-1f78fcd2ec76' and name 'default'
Fri Jan 28 14:41:30 2022: Attempting to start server on port '37904'
Fri Jan 28 14:41:30 2022: XCD main fifo: created main fifo '/tmp/xcdmain953786a2-a812-4b16-b6ea-5320ca22fc92', fd read = 14
Fri Jan 28 14:41:30 2022: Running Dispatch Server
Fri Jan 28 14:41:30 2022: Version 2.2.0
Fri Jan 28 14:41:39 2022: Dispatch Server: Accepted socket connection from client
Fri Jan 28 14:41:39 2022: Starting Socket connection
Fri Jan 28 14:41:39 2022: EXCHANGE_TOKEN received, server token: 953786a2-a812-4b16-b6ea-5320ca22fc92, passed token: 953786a2-a812-4b16-b6ea-5320ca22fc92
Fri Jan 28 14:41:40 2022: DISPATCH_HANDLER: Adding handler from function makeHandler in library libxv_system_diagram
Fri Jan 28 14:41:40 2022: SESSION_MGR: creating session with session uuid: '48d0d3bd-9bec-4dfd-b50e-7ec8dabef8de' and name 'link'
Fri Jan 28 14:41:40 2022: KERNEL_SVC: creating session with uuid: '48d0d3bd-9bec-4dfd-b50e-7ec8dabef8de' and name 'link'
Fri Jan 28 14:41:40 2022: GUIDANCE_SMGR: creating guidance session with uuid: '48d0d3bd-9bec-4dfd-b50e-7ec8dabef8de' and name 'link'
Fri Jan 28 14:41:40 2022: SYSTEM_DIAGRAM_SMGR: creating diagram session with uuid: '48d0d3bd-9bec-4dfd-b50e-7ec8dabef8de' and name 'link'
Fri Jan 28 14:41:52 2022: SESSION_MGR: closing session for UUID '48d0d3bd-9bec-4dfd-b50e-7ec8dabef8de' with name 'link'
Fri Jan 28 14:41:52 2022: KERNEL_SVC: closing session for UUID '48d0d3bd-9bec-4dfd-b50e-7ec8dabef8de' with name 'link'
Fri Jan 28 14:41:52 2022: GUIDANCE_SMGR: closing session for UUID '48d0d3bd-9bec-4dfd-b50e-7ec8dabef8de' with name 'link'
Fri Jan 28 14:41:52 2022: SYSTEM_DIAGRAM_SMGR: closing session for UUID '48d0d3bd-9bec-4dfd-b50e-7ec8dabef8de' with name 'link'
